{"meta": {"format": 3, "version": "7.6.12", "timestamp": "2025-11-06T19:15:33.942136", "branch_coverage": false, "show_contexts": false}, "files": {"deepbridge/core/experiment/report/__init__.py": {"executed_lines": [1, 6, 7, 13, 14, 15, 16, 17, 18, 19, 22, 52], "summary": {"covered_lines": 11, "num_statements": 15, "percent_covered": 73.33333333333333, "percent_covered_display": "73", "missing_lines": 4, "excluded_lines": 0}, "missing_lines": [39, 46, 47, 50], "excluded_lines": [], "functions": {"get_transformer": {"executed_lines": [], "summary": {"covered_lines": 0, "num_statements": 4, "percent_covered": 0.0, "percent_covered_display": "0", "missing_lines": 4, "excluded_lines": 0}, "missing_lines": [39, 46, 47, 50], "excluded_lines": []}, "": {"executed_lines": [1, 6, 7, 13, 14, 15, 16, 17, 18, 19, 22, 52], "summary": {"covered_lines": 11, "num_statements": 11, "percent_covered": 100.0, "percent_covered_display": "100", "missing_lines": 0, "excluded_lines": 0}, "missing_lines": [], "excluded_lines": []}}, "classes": {"": {"executed_lines": [1, 6, 7, 13, 14, 15, 16, 17, 18, 19, 22, 52], "summary": {"covered_lines": 11, "num_statements": 15, "percent_covered": 73.33333333333333, "percent_covered_display": "73", "missing_lines": 4, "excluded_lines": 0}, "missing_lines": [39, 46, 47, 50], "excluded_lines": []}}}, "deepbridge/core/experiment/report/adapters/__init__.py": {"executed_lines": [1, 47, 48, 49, 50, 51, 53], "summary": {"covered_lines": 6, "num_statements": 6, "percent_covered": 100.0, "percent_covered_display": "100", "missing_lines": 0, "excluded_lines": 0}, "missing_lines": [], "excluded_lines": [], "functions": {"": {"executed_lines": [1, 47, 48, 49, 50, 51, 53], "summary": {"covered_lines": 6, "num_statements": 6, "percent_covered": 100.0, "percent_covered_display": "100", "missing_lines": 0, "excluded_lines": 0}, "missing_lines": [], "excluded_lines": []}}, "classes": {"": {"executed_lines": [1, 47, 48, 49, 50, 51, 53], "summary": {"covered_lines": 6, "num_statements": 6, "percent_covered": 100.0, "percent_covered_display": "100", "missing_lines": 0, "excluded_lines": 0}, "missing_lines": [], "excluded_lines": []}}}, "deepbridge/core/experiment/report/adapters/base.py": {"executed_lines": [1, 7, 8, 9, 12, 13, 30, 31, 47, 57, 58, 60, 63], "summary": {"covered_lines": 11, "num_statements": 14, "percent_covered": 78.57142857142857, "percent_covered_display": "79", "missing_lines": 3, "excluded_lines": 0}, "missing_lines": [45, 61, 64], "excluded_lines": [], "functions": {"ReportAdapter.render": {"executed_lines": [], "summary": {"covered_lines": 0, "num_statements": 1, "percent_covered": 0.0, "percent_covered_display": "0", "missing_lines": 1, "excluded_lines": 0}, "missing_lines": [45], "excluded_lines": []}, "ReportAdapter._validate_report": {"executed_lines": [57, 58, 60, 63], "summary": {"covered_lines": 4, "num_statements": 6, "percent_covered": 66.66666666666667, "percent_covered_display": "67", "missing_lines": 2, "excluded_lines": 0}, "missing_lines": [61, 64], "excluded_lines": []}, "": {"executed_lines": [1, 7, 8, 9, 12, 13, 30, 31, 47], "summary": {"covered_lines": 7, "num_statements": 7, "percent_covered": 100.0, "percent_covered_display": "100", "missing_lines": 0, "excluded_lines": 0}, "missing_lines": [], "excluded_lines": []}}, "classes": {"ReportAdapter": {"executed_lines": [57, 58, 60, 63], "summary": {"covered_lines": 4, "num_statements": 7, "percent_covered": 57.142857142857146, "percent_covered_display": "57", "missing_lines": 3, "excluded_lines": 0}, "missing_lines": [45, 61, 64], "excluded_lines": []}, "": {"executed_lines": [1, 7, 8, 9, 12, 13, 30, 31, 47], "summary": {"covered_lines": 7, "num_statements": 7, "percent_covered": 100.0, "percent_covered_display": "100", "missing_lines": 0, "excluded_lines": 0}, "missing_lines": [], "excluded_lines": []}}}, "deepbridge/core/experiment/report/adapters/html_adapter.py": {"executed_lines": [1, 7, 8, 9, 10, 11, 13, 16, 17, 34, 50, 51, 52, 53, 56, 57, 59, 73, 76, 79, 82, 84, 86, 96, 98, 99, 101, 114, 121, 122, 123, 126, 129, 130, 136, 138, 149, 171, 174, 176, 188, 189, 191, 192, 193, 195, 196, 197, 202, 204, 214, 216, 233, 234, 235, 236, 237, 240, 243, 244, 246, 248, 250, 252, 257, 258, 261, 262, 263, 264, 265, 266, 272, 275, 276, 277, 278, 279, 280, 281, 284, 285, 287, 289, 291, 296, 298, 299, 300, 301, 303, 305, 307, 309, 325, 327], "summary": {"covered_lines": 94, "num_statements": 117, "percent_covered": 80.34188034188034, "percent_covered_display": "80", "missing_lines": 23, "excluded_lines": 0}, "missing_lines": [102, 106, 108, 109, 110, 111, 127, 132, 133, 134, 172, 198, 199, 293, 294, 311, 312, 314, 315, 317, 321, 322, 323], "excluded_lines": [], "functions": {"HTMLAdapter.__init__": {"executed_lines": [50, 51, 52, 53, 56, 57], "summary": {"covered_lines": 6, "num_statements": 6, "percent_covered": 100.0, "percent_covered_display": "100", "missing_lines": 0, "excluded_lines": 0}, "missing_lines": [], "excluded_lines": []}, "HTMLAdapter.render": {"executed_lines": [73, 76, 79, 82, 84], "summary": {"covered_lines": 5, "num_statements": 5, "percent_covered": 100.0, "percent_covered_display": "100", "missing_lines": 0, "excluded_lines": 0}, "missing_lines": [], "excluded_lines": []}, "HTMLAdapter._generate_charts": {"executed_lines": [96, 98, 99, 101, 114, 121, 122, 123, 126, 129, 130, 136], "summary": {"covered_lines": 12, "num_statements": 22, "percent_covered": 54.54545454545455, "percent_covered_display": "55", "missing_lines": 10, "excluded_lines": 0}, "missing_lines": [102, 106, 108, 109, 110, 111, 127, 132, 133, 134], "excluded_lines": []}, "HTMLAdapter._create_context": {"executed_lines": [149, 171, 174], "summary": {"covered_lines": 3, "num_statements": 4, "percent_covered": 75.0, "percent_covered_display": "75", "missing_lines": 1, "excluded_lines": 0}, "missing_lines": [172], "excluded_lines": []}, "HTMLAdapter._render_template": {"executed_lines": [188, 189, 191, 192, 193, 195, 196, 197, 202], "summary": {"covered_lines": 9, "num_statements": 11, "percent_covered": 81.81818181818181, "percent_covered_display": "82", "missing_lines": 2, "excluded_lines": 0}, "missing_lines": [198, 199], "excluded_lines": []}, "HTMLAdapter._generate_simple_html": {"executed_lines": [214, 216, 233, 234, 235, 236, 237, 240, 243, 244, 246, 248], "summary": {"covered_lines": 12, "num_statements": 12, "percent_covered": 100.0, "percent_covered_display": "100", "missing_lines": 0, "excluded_lines": 0}, "missing_lines": [], "excluded_lines": []}, "HTMLAdapter._render_section_html": {"executed_lines": [252, 257, 258, 261, 262, 263, 264, 265, 266, 272, 275, 276, 277, 278, 279, 280, 281, 284, 285, 287, 289], "summary": {"covered_lines": 21, "num_statements": 21, "percent_covered": 100.0, "percent_covered_display": "100", "missing_lines": 0, "excluded_lines": 0}, "missing_lines": [], "excluded_lines": []}, "HTMLAdapter._format_metric_html": {"executed_lines": [], "summary": {"covered_lines": 0, "num_statements": 2, "percent_covered": 0.0, "percent_covered_display": "0", "missing_lines": 2, "excluded_lines": 0}, "missing_lines": [293, 294], "excluded_lines": []}, "HTMLAdapter._get_metric_status_class": {"executed_lines": [298, 299, 300, 301, 303], "summary": {"covered_lines": 5, "num_statements": 5, "percent_covered": 100.0, "percent_covered_display": "100", "missing_lines": 0, "excluded_lines": 0}, "missing_lines": [], "excluded_lines": []}, "HTMLAdapter._create_error_chart": {"executed_lines": [307], "summary": {"covered_lines": 1, "num_statements": 1, "percent_covered": 100.0, "percent_covered_display": "100", "missing_lines": 0, "excluded_lines": 0}, "missing_lines": [], "excluded_lines": []}, "HTMLAdapter._get_assets": {"executed_lines": [], "summary": {"covered_lines": 0, "num_statements": 8, "percent_covered": 0.0, "percent_covered_display": "0", "missing_lines": 8, "excluded_lines": 0}, "missing_lines": [311, 312, 314, 315, 317, 321, 322, 323], "excluded_lines": []}, "HTMLAdapter._get_default_css": {"executed_lines": [327], "summary": {"covered_lines": 1, "num_statements": 1, "percent_covered": 100.0, "percent_covered_display": "100", "missing_lines": 0, "excluded_lines": 0}, "missing_lines": [], "excluded_lines": []}, "": {"executed_lines": [1, 7, 8, 9, 10, 11, 13, 16, 17, 34, 59, 86, 138, 176, 204, 250, 291, 296, 305, 309, 325], "summary": {"covered_lines": 19, "num_statements": 19, "percent_covered": 100.0, "percent_covered_display": "100", "missing_lines": 0, "excluded_lines": 0}, "missing_lines": [], "excluded_lines": []}}, "classes": {"HTMLAdapter": {"executed_lines": [50, 51, 52, 53, 56, 57, 73, 76, 79, 82, 84, 96, 98, 99, 101, 114, 121, 122, 123, 126, 129, 130, 136, 149, 171, 174, 188, 189, 191, 192, 193, 195, 196, 197, 202, 214, 216, 233, 234, 235, 236, 237, 240, 243, 244, 246, 248, 252, 257, 258, 261, 262, 263, 264, 265, 266, 272, 275, 276, 277, 278, 279, 280, 281, 284, 285, 287, 289, 298, 299, 300, 301, 303, 307, 327], "summary": {"covered_lines": 75, "num_statements": 98, "percent_covered": 76.53061224489795, "percent_covered_display": "77", "missing_lines": 23, "excluded_lines": 0}, "missing_lines": [102, 106, 108, 109, 110, 111, 127, 132, 133, 134, 172, 198, 199, 293, 294, 311, 312, 314, 315, 317, 321, 322, 323], "excluded_lines": []}, "": {"executed_lines": [1, 7, 8, 9, 10, 11, 13, 16, 17, 34, 59, 86, 138, 176, 204, 250, 291, 296, 305, 309, 325], "summary": {"covered_lines": 19, "num_statements": 19, "percent_covered": 100.0, "percent_covered_display": "100", "missing_lines": 0, "excluded_lines": 0}, "missing_lines": [], "excluded_lines": []}}}, "deepbridge/core/experiment/report/adapters/json_adapter.py": {"executed_lines": [1, 7, 8, 9, 10, 11, 14, 15, 31, 39, 40, 42, 60, 63, 66, 69, 76, 92, 94, 95, 97, 107, 108, 113, 114, 116, 118], "summary": {"covered_lines": 25, "num_statements": 28, "percent_covered": 89.28571428571429, "percent_covered_display": "89", "missing_lines": 3, "excluded_lines": 0}, "missing_lines": [131, 132, 134], "excluded_lines": [], "functions": {"JSONAdapter.__init__": {"executed_lines": [39, 40], "summary": {"covered_lines": 2, "num_statements": 2, "percent_covered": 100.0, "percent_covered_display": "100", "missing_lines": 0, "excluded_lines": 0}, "missing_lines": [], "excluded_lines": []}, "JSONAdapter.render": {"executed_lines": [60, 63, 66, 69], "summary": {"covered_lines": 4, "num_statements": 4, "percent_covered": 100.0, "percent_covered_display": "100", "missing_lines": 0, "excluded_lines": 0}, "missing_lines": [], "excluded_lines": []}, "JSONAdapter.render_dict": {"executed_lines": [92, 94, 95], "summary": {"covered_lines": 3, "num_statements": 3, "percent_covered": 100.0, "percent_covered_display": "100", "missing_lines": 0, "excluded_lines": 0}, "missing_lines": [], "excluded_lines": []}, "JSONAdapter._clean_none_values": {"executed_lines": [107, 108, 113, 114, 116], "summary": {"covered_lines": 5, "num_statements": 5, "percent_covered": 100.0, "percent_covered_display": "100", "missing_lines": 0, "excluded_lines": 0}, "missing_lines": [], "excluded_lines": []}, "JSONAdapter._json_serializer": {"executed_lines": [], "summary": {"covered_lines": 0, "num_statements": 3, "percent_covered": 0.0, "percent_covered_display": "0", "missing_lines": 3, "excluded_lines": 0}, "missing_lines": [131, 132, 134], "excluded_lines": []}, "": {"executed_lines": [1, 7, 8, 9, 10, 11, 14, 15, 31, 42, 76, 97, 118], "summary": {"covered_lines": 11, "num_statements": 11, "percent_covered": 100.0, "percent_covered_display": "100", "missing_lines": 0, "excluded_lines": 0}, "missing_lines": [], "excluded_lines": []}}, "classes": {"JSONAdapter": {"executed_lines": [39, 40, 60, 63, 66, 69, 92, 94, 95, 107, 108, 113, 114, 116], "summary": {"covered_lines": 14, "num_statements": 17, "percent_covered": 82.3529411764706, "percent_covered_display": "82", "missing_lines": 3, "excluded_lines": 0}, "missing_lines": [131, 132, 134], "excluded_lines": []}, "": {"executed_lines": [1, 7, 8, 9, 10, 11, 14, 15, 31, 42, 76, 97, 118], "summary": {"covered_lines": 11, "num_statements": 11, "percent_covered": 100.0, "percent_covered_display": "100", "missing_lines": 0, "excluded_lines": 0}, "missing_lines": [], "excluded_lines": []}}}, "deepbridge/core/experiment/report/adapters/markdown_adapter.py": {"executed_lines": [1, 7, 8, 9, 10, 11, 13, 16, 17, 42, 56, 57, 58, 60, 77, 79, 82, 85, 86, 89, 92, 95, 97, 99, 109, 112, 113, 116, 117, 118, 121, 122, 123, 124, 125, 126, 128, 129, 131, 132, 134, 135, 136, 138, 140, 150, 152, 153, 156, 159, 160, 162, 163, 164, 166, 168, 179, 181, 182, 183, 186, 189, 191, 201, 203, 204, 206, 207, 211, 213, 215, 226, 228, 229, 231, 233, 244, 247, 248, 251, 252, 253, 256, 257, 258, 259, 260, 263, 264, 265, 266, 267, 270, 273, 275, 285, 288, 291, 292, 295, 296, 297, 298, 299, 301, 303, 313, 315, 316, 317, 319, 320, 321, 324, 325, 326, 327, 328, 329, 330, 331, 332, 333, 334, 335, 336, 338, 340, 342, 352, 354, 355, 356, 357, 358, 360, 362, 372, 374, 375, 377, 378, 379, 380, 381, 385, 396, 399, 402, 404, 406, 418, 419, 422, 423, 425, 426], "summary": {"covered_lines": 155, "num_statements": 160, "percent_covered": 96.875, "percent_covered_display": "97", "missing_lines": 5, "excluded_lines": 0}, "missing_lines": [187, 209, 271, 286, 383], "excluded_lines": [], "functions": {"MarkdownAdapter.__init__": {"executed_lines": [56, 57, 58], "summary": {"covered_lines": 3, "num_statements": 3, "percent_covered": 100.0, "percent_covered_display": "100", "missing_lines": 0, "excluded_lines": 0}, "missing_lines": [], "excluded_lines": []}, "MarkdownAdapter.render": {"executed_lines": [77, 79, 82, 85, 86, 89, 92, 95, 97], "summary": {"covered_lines": 9, "num_statements": 9, "percent_covered": 100.0, "percent_covered_display": "100", "missing_lines": 0, "excluded_lines": 0}, "missing_lines": [], "excluded_lines": []}, "MarkdownAdapter._render_header": {"executed_lines": [109, 112, 113, 116, 117, 118, 121, 122, 123, 124, 125, 126, 128, 129, 131, 132, 134, 135, 136, 138], "summary": {"covered_lines": 20, "num_statements": 20, "percent_covered": 100.0, "percent_covered_display": "100", "missing_lines": 0, "excluded_lines": 0}, "missing_lines": [], "excluded_lines": []}, "MarkdownAdapter._render_toc": {"executed_lines": [150, 152, 153, 156, 159, 160, 162, 163, 164, 166], "summary": {"covered_lines": 10, "num_statements": 10, "percent_covered": 100.0, "percent_covered_display": "100", "missing_lines": 0, "excluded_lines": 0}, "missing_lines": [], "excluded_lines": []}, "MarkdownAdapter._render_toc_section": {"executed_lines": [179, 181, 182, 183, 186, 189], "summary": {"covered_lines": 6, "num_statements": 7, "percent_covered": 85.71428571428571, "percent_covered_display": "86", "missing_lines": 1, "excluded_lines": 0}, "missing_lines": [187], "excluded_lines": []}, "MarkdownAdapter._render_summary": {"executed_lines": [201, 203, 204, 206, 207, 211, 213], "summary": {"covered_lines": 7, "num_statements": 8, "percent_covered": 87.5, "percent_covered_display": "88", "missing_lines": 1, "excluded_lines": 0}, "missing_lines": [209], "excluded_lines": []}, "MarkdownAdapter._render_sections": {"executed_lines": [226, 228, 229, 231], "summary": {"covered_lines": 4, "num_statements": 4, "percent_covered": 100.0, "percent_covered_display": "100", "missing_lines": 0, "excluded_lines": 0}, "missing_lines": [], "excluded_lines": []}, "MarkdownAdapter._render_section": {"executed_lines": [244, 247, 248, 251, 252, 253, 256, 257, 258, 259, 260, 263, 264, 265, 266, 267, 270, 273], "summary": {"covered_lines": 18, "num_statements": 19, "percent_covered": 94.73684210526316, "percent_covered_display": "95", "missing_lines": 1, "excluded_lines": 0}, "missing_lines": [271], "excluded_lines": []}, "MarkdownAdapter._render_metrics_table": {"executed_lines": [285, 288, 291, 292, 295, 296, 297, 298, 299, 301], "summary": {"covered_lines": 10, "num_statements": 11, "percent_covered": 90.9090909090909, "percent_covered_display": "91", "missing_lines": 1, "excluded_lines": 0}, "missing_lines": [286], "excluded_lines": []}, "MarkdownAdapter._render_charts": {"executed_lines": [313, 315, 316, 317, 319, 320, 321, 324, 325, 326, 327, 328, 329, 330, 331, 332, 333, 334, 335, 336, 338, 340], "summary": {"covered_lines": 22, "num_statements": 22, "percent_covered": 100.0, "percent_covered_display": "100", "missing_lines": 0, "excluded_lines": 0}, "missing_lines": [], "excluded_lines": []}, "MarkdownAdapter._render_footer": {"executed_lines": [352, 354, 355, 356, 357, 358, 360], "summary": {"covered_lines": 7, "num_statements": 7, "percent_covered": 100.0, "percent_covered_display": "100", "missing_lines": 0, "excluded_lines": 0}, "missing_lines": [], "excluded_lines": []}, "MarkdownAdapter._format_metric_value": {"executed_lines": [372, 374, 375, 377, 378, 379, 380, 381], "summary": {"covered_lines": 8, "num_statements": 9, "percent_covered": 88.88888888888889, "percent_covered_display": "89", "missing_lines": 1, "excluded_lines": 0}, "missing_lines": [383], "excluded_lines": []}, "MarkdownAdapter._create_anchor": {"executed_lines": [396, 399, 402, 404], "summary": {"covered_lines": 4, "num_statements": 4, "percent_covered": 100.0, "percent_covered_display": "100", "missing_lines": 0, "excluded_lines": 0}, "missing_lines": [], "excluded_lines": []}, "MarkdownAdapter.save_to_file": {"executed_lines": [418, 419, 422, 423, 425, 426], "summary": {"covered_lines": 6, "num_statements": 6, "percent_covered": 100.0, "percent_covered_display": "100", "missing_lines": 0, "excluded_lines": 0}, "missing_lines": [], "excluded_lines": []}, "": {"executed_lines": [1, 7, 8, 9, 10, 11, 13, 16, 17, 42, 60, 99, 140, 168, 191, 215, 233, 275, 303, 342, 362, 385, 406], "summary": {"covered_lines": 21, "num_statements": 21, "percent_covered": 100.0, "percent_covered_display": "100", "missing_lines": 0, "excluded_lines": 0}, "missing_lines": [], "excluded_lines": []}}, "classes": {"MarkdownAdapter": {"executed_lines": [56, 57, 58, 77, 79, 82, 85, 86, 89, 92, 95, 97, 109, 112, 113, 116, 117, 118, 121, 122, 123, 124, 125, 126, 128, 129, 131, 132, 134, 135, 136, 138, 150, 152, 153, 156, 159, 160, 162, 163, 164, 166, 179, 181, 182, 183, 186, 189, 201, 203, 204, 206, 207, 211, 213, 226, 228, 229, 231, 244, 247, 248, 251, 252, 253, 256, 257, 258, 259, 260, 263, 264, 265, 266, 267, 270, 273, 285, 288, 291, 292, 295, 296, 297, 298, 299, 301, 313, 315, 316, 317, 319, 320, 321, 324, 325, 326, 327, 328, 329, 330, 331, 332, 333, 334, 335, 336, 338, 340, 352, 354, 355, 356, 357, 358, 360, 372, 374, 375, 377, 378, 379, 380, 381, 396, 399, 402, 404, 418, 419, 422, 423, 425, 426], "summary": {"covered_lines": 134, "num_statements": 139, "percent_covered": 96.40287769784173, "percent_covered_display": "96", "missing_lines": 5, "excluded_lines": 0}, "missing_lines": [187, 209, 271, 286, 383], "excluded_lines": []}, "": {"executed_lines": [1, 7, 8, 9, 10, 11, 13, 16, 17, 42, 60, 99, 140, 168, 191, 215, 233, 275, 303, 342, 362, 385, 406], "summary": {"covered_lines": 21, "num_statements": 21, "percent_covered": 100.0, "percent_covered_display": "100", "missing_lines": 0, "excluded_lines": 0}, "missing_lines": [], "excluded_lines": []}}}, "deepbridge/core/experiment/report/adapters/pdf_adapter.py": {"executed_lines": [1, 8, 9, 10, 11, 12, 14, 17, 18, 36, 54, 55, 56, 57, 58, 61, 62, 64, 79, 82, 85, 87, 88, 90, 108, 111, 114, 116, 118, 128, 130, 131, 133, 146, 149, 156, 164, 165, 171, 173, 184, 190, 192, 203, 227, 229, 231, 232, 233, 239, 241, 243, 245, 246, 254, 256, 258, 260, 267, 269, 270, 271, 272, 278, 280, 282, 283, 284, 286, 303, 304, 313, 445, 447, 455, 466, 468, 479, 481, 501, 511, 541, 542, 550, 557, 558, 565, 566, 575, 576, 587, 588, 595, 600, 604, 612, 614, 627, 628, 629, 632, 635, 638, 640, 646, 654, 656, 668, 669, 672, 673, 675, 676], "summary": {"covered_lines": 111, "num_statements": 151, "percent_covered": 73.50993377483444, "percent_covered_display": "74", "missing_lines": 40, "excluded_lines": 0}, "missing_lines": [134, 138, 140, 141, 142, 143, 157, 158, 161, 162, 167, 168, 169, 305, 306, 307, 308, 309, 310, 456, 457, 458, 459, 460, 461, 462, 463, 464, 484, 490, 491, 492, 493, 494, 495, 496, 499, 642, 643, 644], "excluded_lines": [], "functions": {"PDFAdapter.__init__": {"executed_lines": [54, 55, 56, 57, 58, 61, 62], "summary": {"covered_lines": 7, "num_statements": 7, "percent_covered": 100.0, "percent_covered_display": "100", "missing_lines": 0, "excluded_lines": 0}, "missing_lines": [], "excluded_lines": []}, "PDFAdapter.render": {"executed_lines": [79, 82, 85, 87, 88], "summary": {"covered_lines": 5, "num_statements": 5, "percent_covered": 100.0, "percent_covered_display": "100", "missing_lines": 0, "excluded_lines": 0}, "missing_lines": [], "excluded_lines": []}, "PDFAdapter._generate_pdf_html": {"executed_lines": [108, 111, 114, 116], "summary": {"covered_lines": 4, "num_statements": 4, "percent_covered": 100.0, "percent_covered_display": "100", "missing_lines": 0, "excluded_lines": 0}, "missing_lines": [], "excluded_lines": []}, "PDFAdapter._generate_static_charts": {"executed_lines": [128, 130, 131, 133, 146, 149, 156, 164, 165, 171], "summary": {"covered_lines": 10, "num_statements": 23, "percent_covered": 43.47826086956522, "percent_covered_display": "43", "missing_lines": 13, "excluded_lines": 0}, "missing_lines": [134, 138, 140, 141, 142, 143, 157, 158, 161, 162, 167, 168, 169], "excluded_lines": []}, "PDFAdapter._get_static_chart_type": {"executed_lines": [184, 190], "summary": {"covered_lines": 2, "num_statements": 2, "percent_covered": 100.0, "percent_covered_display": "100", "missing_lines": 0, "excluded_lines": 0}, "missing_lines": [], "excluded_lines": []}, "PDFAdapter._create_pdf_context": {"executed_lines": [203, 227], "summary": {"covered_lines": 2, "num_statements": 2, "percent_covered": 100.0, "percent_covered_display": "100", "missing_lines": 0, "excluded_lines": 0}, "missing_lines": [], "excluded_lines": []}, "PDFAdapter._format_summary": {"executed_lines": [231, 232, 233, 239], "summary": {"covered_lines": 4, "num_statements": 4, "percent_covered": 100.0, "percent_covered_display": "100", "missing_lines": 0, "excluded_lines": 0}, "missing_lines": [], "excluded_lines": []}, "PDFAdapter._format_sections": {"executed_lines": [243, 245, 246, 254, 256], "summary": {"covered_lines": 5, "num_statements": 5, "percent_covered": 100.0, "percent_covered_display": "100", "missing_lines": 0, "excluded_lines": 0}, "missing_lines": [], "excluded_lines": []}, "PDFAdapter._format_metrics": {"executed_lines": [260], "summary": {"covered_lines": 1, "num_statements": 1, "percent_covered": 100.0, "percent_covered_display": "100", "missing_lines": 0, "excluded_lines": 0}, "missing_lines": [], "excluded_lines": []}, "PDFAdapter._format_section_charts": {"executed_lines": [269, 270, 271, 272, 278], "summary": {"covered_lines": 5, "num_statements": 5, "percent_covered": 100.0, "percent_covered_display": "100", "missing_lines": 0, "excluded_lines": 0}, "missing_lines": [], "excluded_lines": []}, "PDFAdapter._format_metric_value": {"executed_lines": [282, 283, 284], "summary": {"covered_lines": 3, "num_statements": 3, "percent_covered": 100.0, "percent_covered_display": "100", "missing_lines": 0, "excluded_lines": 0}, "missing_lines": [], "excluded_lines": []}, "PDFAdapter._get_pdf_css": {"executed_lines": [303, 304, 313, 445], "summary": {"covered_lines": 4, "num_statements": 10, "percent_covered": 40.0, "percent_covered_display": "40", "missing_lines": 6, "excluded_lines": 0}, "missing_lines": [305, 306, 307, 308, 309, 310], "excluded_lines": []}, "PDFAdapter._get_logo_data_uri": {"executed_lines": [455, 466], "summary": {"covered_lines": 2, "num_statements": 11, "percent_covered": 18.181818181818183, "percent_covered_display": "18", "missing_lines": 9, "excluded_lines": 0}, "missing_lines": [456, 457, 458, 459, 460, 461, 462, 463, 464], "excluded_lines": []}, "PDFAdapter._render_pdf_template": {"executed_lines": [479, 481], "summary": {"covered_lines": 2, "num_statements": 11, "percent_covered": 18.181818181818183, "percent_covered_display": "18", "missing_lines": 9, "excluded_lines": 0}, "missing_lines": [484, 490, 491, 492, 493, 494, 495, 496, 499], "excluded_lines": []}, "PDFAdapter._generate_simple_html": {"executed_lines": [511, 541, 542, 550, 557, 558, 565, 566, 575, 576, 587, 588, 595, 600, 604, 612], "summary": {"covered_lines": 16, "num_statements": 16, "percent_covered": 100.0, "percent_covered_display": "100", "missing_lines": 0, "excluded_lines": 0}, "missing_lines": [], "excluded_lines": []}, "PDFAdapter._html_to_pdf": {"executed_lines": [627, 628, 629, 632, 635, 638, 640], "summary": {"covered_lines": 7, "num_statements": 10, "percent_covered": 70.0, "percent_covered_display": "70", "missing_lines": 3, "excluded_lines": 0}, "missing_lines": [642, 643, 644], "excluded_lines": []}, "PDFAdapter._create_error_placeholder": {"executed_lines": [654], "summary": {"covered_lines": 1, "num_statements": 1, "percent_covered": 100.0, "percent_covered_display": "100", "missing_lines": 0, "excluded_lines": 0}, "missing_lines": [], "excluded_lines": []}, "PDFAdapter.save_to_file": {"executed_lines": [668, 669, 672, 673, 675, 676], "summary": {"covered_lines": 6, "num_statements": 6, "percent_covered": 100.0, "percent_covered_display": "100", "missing_lines": 0, "excluded_lines": 0}, "missing_lines": [], "excluded_lines": []}, "": {"executed_lines": [1, 8, 9, 10, 11, 12, 14, 17, 18, 36, 64, 90, 118, 173, 192, 229, 241, 258, 267, 280, 286, 447, 468, 501, 614, 646, 656], "summary": {"covered_lines": 25, "num_statements": 25, "percent_covered": 100.0, "percent_covered_display": "100", "missing_lines": 0, "excluded_lines": 0}, "missing_lines": [], "excluded_lines": []}}, "classes": {"PDFAdapter": {"executed_lines": [54, 55, 56, 57, 58, 61, 62, 79, 82, 85, 87, 88, 108, 111, 114, 116, 128, 130, 131, 133, 146, 149, 156, 164, 165, 171, 184, 190, 203, 227, 231, 232, 233, 239, 243, 245, 246, 254, 256, 260, 269, 270, 271, 272, 278, 282, 283, 284, 303, 304, 313, 445, 455, 466, 479, 481, 511, 541, 542, 550, 557, 558, 565, 566, 575, 576, 587, 588, 595, 600, 604, 612, 627, 628, 629, 632, 635, 638, 640, 654, 668, 669, 672, 673, 675, 676], "summary": {"covered_lines": 86, "num_statements": 126, "percent_covered": 68.25396825396825, "percent_covered_display": "68", "missing_lines": 40, "excluded_lines": 0}, "missing_lines": [134, 138, 140, 141, 142, 143, 157, 158, 161, 162, 167, 168, 169, 305, 306, 307, 308, 309, 310, 456, 457, 458, 459, 460, 461, 462, 463, 464, 484, 490, 491, 492, 493, 494, 495, 496, 499, 642, 643, 644], "excluded_lines": []}, "": {"executed_lines": [1, 8, 9, 10, 11, 12, 14, 17, 18, 36, 64, 90, 118, 173, 192, 229, 241, 258, 267, 280, 286, 447, 468, 501, 614, 646, 656], "summary": {"covered_lines": 25, "num_statements": 25, "percent_covered": 100.0, "percent_covered_display": "100", "missing_lines": 0, "excluded_lines": 0}, "missing_lines": [], "excluded_lines": []}}}, "deepbridge/core/experiment/report/asset_manager.py": {"executed_lines": [1, 8, 9, 10, 11, 14, 15, 16, 19, 21, 22, 26, 39, 42, 45, 46, 49, 52, 53, 56, 57, 58, 61, 63, 71, 76, 77, 81, 85, 89, 120, 124, 128, 132, 137, 141, 145, 146, 153, 155, 159, 163, 164, 171, 173, 177, 181, 185, 189, 194, 198, 202, 206, 211, 215, 219], "summary": {"covered_lines": 54, "num_statements": 86, "percent_covered": 62.7906976744186, "percent_covered_display": "63", "missing_lines": 32, "excluded_lines": 0}, "missing_lines": [40, 78, 83, 87, 106, 107, 109, 110, 113, 114, 115, 118, 122, 126, 130, 134, 139, 143, 157, 161, 175, 179, 183, 187, 191, 196, 200, 204, 208, 213, 217, 221], "excluded_lines": [], "functions": {"AssetManager.__init__": {"executed_lines": [39, 42, 45, 46, 49, 52, 53, 56, 57, 58, 61], "summary": {"covered_lines": 11, "num_statements": 12, "percent_covered": 91.66666666666667, "percent_covered_display": "92", "missing_lines": 1, "excluded_lines": 0}, "missing_lines": [40], "excluded_lines": []}, "AssetManager._validate_core_directories": {"executed_lines": [71, 76, 77], "summary": {"covered_lines": 3, "num_statements": 4, "percent_covered": 75.0, "percent_covered_display": "75", "missing_lines": 1, "excluded_lines": 0}, "missing_lines": [78], "excluded_lines": []}, "AssetManager.find_css_path": {"executed_lines": [], "summary": {"covered_lines": 0, "num_statements": 1, "percent_covered": 0.0, "percent_covered_display": "0", "missing_lines": 1, "excluded_lines": 0}, "missing_lines": [83], "excluded_lines": []}, "AssetManager.find_js_path": {"executed_lines": [], "summary": {"covered_lines": 0, "num_statements": 1, "percent_covered": 0.0, "percent_covered_display": "0", "missing_lines": 1, "excluded_lines": 0}, "missing_lines": [87], "excluded_lines": []}, "AssetManager.get_asset_path": {"executed_lines": [], "summary": {"covered_lines": 0, "num_statements": 8, "percent_covered": 0.0, "percent_covered_display": "0", "missing_lines": 8, "excluded_lines": 0}, "missing_lines": [106, 107, 109, 110, 113, 114, 115, 118], "excluded_lines": []}, "AssetManager.get_generic_css_path": {"executed_lines": [], "summary": {"covered_lines": 0, "num_statements": 1, "percent_covered": 0.0, "percent_covered_display": "0", "missing_lines": 1, "excluded_lines": 0}, "missing_lines": [122], "excluded_lines": []}, "AssetManager.get_generic_js_path": {"executed_lines": [], "summary": {"covered_lines": 0, "num_statements": 1, "percent_covered": 0.0, "percent_covered_display": "0", "missing_lines": 1, "excluded_lines": 0}, "missing_lines": [126], "excluded_lines": []}, "AssetManager.get_common_html_files": {"executed_lines": [], "summary": {"covered_lines": 0, "num_statements": 1, "percent_covered": 0.0, "percent_covered_display": "0", "missing_lines": 1, "excluded_lines": 0}, "missing_lines": [130], "excluded_lines": []}, "AssetManager.get_test_partials": {"executed_lines": [], "summary": {"covered_lines": 0, "num_statements": 1, "percent_covered": 0.0, "percent_covered_display": "0", "missing_lines": 1, "excluded_lines": 0}, "missing_lines": [134], "excluded_lines": []}, "AssetManager.get_css_content": {"executed_lines": [], "summary": {"covered_lines": 0, "num_statements": 1, "percent_covered": 0.0, "percent_covered_display": "0", "missing_lines": 1, "excluded_lines": 0}, "missing_lines": [139], "excluded_lines": []}, "AssetManager.get_generic_css_content": {"executed_lines": [], "summary": {"covered_lines": 0, "num_statements": 1, "percent_covered": 0.0, "percent_covered_display": "0", "missing_lines": 1, "excluded_lines": 0}, "missing_lines": [143], "excluded_lines": []}, "AssetManager.get_combined_css_content": {"executed_lines": [153], "summary": {"covered_lines": 1, "num_statements": 1, "percent_covered": 100.0, "percent_covered_display": "100", "missing_lines": 0, "excluded_lines": 0}, "missing_lines": [], "excluded_lines": []}, "AssetManager.get_js_content": {"executed_lines": [], "summary": {"covered_lines": 0, "num_statements": 1, "percent_covered": 0.0, "percent_covered_display": "0", "missing_lines": 1, "excluded_lines": 0}, "missing_lines": [157], "excluded_lines": []}, "AssetManager.get_generic_js_content": {"executed_lines": [], "summary": {"covered_lines": 0, "num_statements": 1, "percent_covered": 0.0, "percent_covered_display": "0", "missing_lines": 1, "excluded_lines": 0}, "missing_lines": [161], "excluded_lines": []}, "AssetManager.get_combined_js_content": {"executed_lines": [171], "summary": {"covered_lines": 1, "num_statements": 1, "percent_covered": 100.0, "percent_covered_display": "100", "missing_lines": 0, "excluded_lines": 0}, "missing_lines": [], "excluded_lines": []}, "AssetManager.get_base64_image": {"executed_lines": [], "summary": {"covered_lines": 0, "num_statements": 1, "percent_covered": 0.0, "percent_covered_display": "0", "missing_lines": 1, "excluded_lines": 0}, "missing_lines": [175], "excluded_lines": []}, "AssetManager.get_logo_base64": {"executed_lines": [], "summary": {"covered_lines": 0, "num_statements": 1, "percent_covered": 0.0, "percent_covered_display": "0", "missing_lines": 1, "excluded_lines": 0}, "missing_lines": [179], "excluded_lines": []}, "AssetManager.get_favicon_base64": {"executed_lines": [], "summary": {"covered_lines": 0, "num_statements": 1, "percent_covered": 0.0, "percent_covered_display": "0", "missing_lines": 1, "excluded_lines": 0}, "missing_lines": [183], "excluded_lines": []}, "AssetManager.get_icons": {"executed_lines": [], "summary": {"covered_lines": 0, "num_statements": 1, "percent_covered": 0.0, "percent_covered_display": "0", "missing_lines": 1, "excluded_lines": 0}, "missing_lines": [187], "excluded_lines": []}, "AssetManager.create_full_report_assets": {"executed_lines": [], "summary": {"covered_lines": 0, "num_statements": 1, "percent_covered": 0.0, "percent_covered_display": "0", "missing_lines": 1, "excluded_lines": 0}, "missing_lines": [191], "excluded_lines": []}, "AssetManager.serialize_data_for_template": {"executed_lines": [], "summary": {"covered_lines": 0, "num_statements": 1, "percent_covered": 0.0, "percent_covered_display": "0", "missing_lines": 1, "excluded_lines": 0}, "missing_lines": [196], "excluded_lines": []}, "AssetManager.prepare_template_context": {"executed_lines": [], "summary": {"covered_lines": 0, "num_statements": 1, "percent_covered": 0.0, "percent_covered_display": "0", "missing_lines": 1, "excluded_lines": 0}, "missing_lines": [200], "excluded_lines": []}, "AssetManager.get_transformer_for_test_type": {"executed_lines": [], "summary": {"covered_lines": 0, "num_statements": 1, "percent_covered": 0.0, "percent_covered_display": "0", "missing_lines": 1, "excluded_lines": 0}, "missing_lines": [204], "excluded_lines": []}, "AssetManager.transform_data": {"executed_lines": [], "summary": {"covered_lines": 0, "num_statements": 1, "percent_covered": 0.0, "percent_covered_display": "0", "missing_lines": 1, "excluded_lines": 0}, "missing_lines": [208], "excluded_lines": []}, "AssetManager.write_json_data_file": {"executed_lines": [], "summary": {"covered_lines": 0, "num_statements": 1, "percent_covered": 0.0, "percent_covered_display": "0", "missing_lines": 1, "excluded_lines": 0}, "missing_lines": [213], "excluded_lines": []}, "AssetManager.copy_assets_to_output": {"executed_lines": [], "summary": {"covered_lines": 0, "num_statements": 1, "percent_covered": 0.0, "percent_covered_display": "0", "missing_lines": 1, "excluded_lines": 0}, "missing_lines": [217], "excluded_lines": []}, "AssetManager._copy_file": {"executed_lines": [], "summary": {"covered_lines": 0, "num_statements": 1, "percent_covered": 0.0, "percent_covered_display": "0", "missing_lines": 1, "excluded_lines": 0}, "missing_lines": [221], "excluded_lines": []}, "": {"executed_lines": [1, 8, 9, 10, 11, 14, 15, 16, 19, 21, 22, 26, 63, 81, 85, 89, 120, 124, 128, 132, 137, 141, 145, 146, 155, 159, 163, 164, 173, 177, 181, 185, 189, 194, 198, 202, 206, 211, 215, 219], "summary": {"covered_lines": 38, "num_statements": 38, "percent_covered": 100.0, "percent_covered_display": "100", "missing_lines": 0, "excluded_lines": 0}, "missing_lines": [], "excluded_lines": []}}, "classes": {"AssetManager": {"executed_lines": [39, 42, 45, 46, 49, 52, 53, 56, 57, 58, 61, 71, 76, 77, 153, 171], "summary": {"covered_lines": 16, "num_statements": 48, "percent_covered": 33.333333333333336, "percent_covered_display": "33", "missing_lines": 32, "excluded_lines": 0}, "missing_lines": [40, 78, 83, 87, 106, 107, 109, 110, 113, 114, 115, 118, 122, 126, 130, 134, 139, 143, 157, 161, 175, 179, 183, 187, 191, 196, 200, 204, 208, 213, 217, 221], "excluded_lines": []}, "": {"executed_lines": [1, 8, 9, 10, 11, 14, 15, 16, 19, 21, 22, 26, 63, 81, 85, 89, 120, 124, 128, 132, 137, 141, 145, 146, 155, 159, 163, 164, 173, 177, 181, 185, 189, 194, 198, 202, 206, 211, 215, 219], "summary": {"covered_lines": 38, "num_statements": 38, "percent_covered": 100.0, "percent_covered_display": "100", "missing_lines": 0, "excluded_lines": 0}, "missing_lines": [], "excluded_lines": []}}}, "deepbridge/core/experiment/report/asset_processor.py": {"executed_lines": [1, 10, 11, 12, 13, 14, 16, 17, 19, 22, 23, 34, 43, 44, 50, 63, 65, 74, 86, 92, 108, 112, 114, 119, 120, 123, 124, 125, 128, 129, 130, 131, 132, 135, 136, 138, 139, 141, 151, 153, 156, 158, 175, 178, 184, 185, 186, 187, 188, 189, 196, 197, 198, 199, 200, 204, 210, 250, 251, 265, 266, 280, 325], "summary": {"covered_lines": 61, "num_statements": 141, "percent_covered": 43.262411347517734, "percent_covered_display": "43", "missing_lines": 80, "excluded_lines": 0}, "missing_lines": [72, 109, 115, 116, 154, 190, 191, 193, 201, 202, 226, 227, 230, 231, 239, 242, 243, 244, 245, 246, 247, 248, 261, 262, 263, 276, 277, 278, 291, 292, 294, 295, 296, 299, 304, 306, 307, 310, 311, 312, 313, 314, 315, 316, 318, 319, 344, 346, 349, 350, 351, 352, 353, 354, 357, 358, 359, 360, 361, 362, 365, 366, 367, 368, 369, 370, 373, 374, 375, 376, 377, 378, 381, 382, 383, 384, 385, 386, 388, 389], "excluded_lines": [], "functions": {"AssetProcessor.__init__": {"executed_lines": [43, 44], "summary": {"covered_lines": 2, "num_statements": 2, "percent_covered": 100.0, "percent_covered_display": "100", "missing_lines": 0, "excluded_lines": 0}, "missing_lines": [], "excluded_lines": []}, "AssetProcessor.get_css_content": {"executed_lines": [63], "summary": {"covered_lines": 1, "num_statements": 1, "percent_covered": 100.0, "percent_covered_display": "100", "missing_lines": 0, "excluded_lines": 0}, "missing_lines": [], "excluded_lines": []}, "AssetProcessor.get_generic_css_content": {"executed_lines": [], "summary": {"covered_lines": 0, "num_statements": 1, "percent_covered": 0.0, "percent_covered_display": "0", "missing_lines": 1, "excluded_lines": 0}, "missing_lines": [72], "excluded_lines": []}, "AssetProcessor.get_combined_css_content": {"executed_lines": [86], "summary": {"covered_lines": 1, "num_statements": 1, "percent_covered": 100.0, "percent_covered_display": "100", "missing_lines": 0, "excluded_lines": 0}, "missing_lines": [], "excluded_lines": []}, "AssetProcessor.get_js_content": {"executed_lines": [108, 112, 114, 119, 120, 123, 124, 125, 128, 129, 130, 131, 132, 135, 136, 138, 139], "summary": {"covered_lines": 17, "num_statements": 20, "percent_covered": 85.0, "percent_covered_display": "85", "missing_lines": 3, "excluded_lines": 0}, "missing_lines": [109, 115, 116], "excluded_lines": []}, "AssetProcessor.get_generic_js_content": {"executed_lines": [151, 153, 156], "summary": {"covered_lines": 3, "num_statements": 4, "percent_covered": 75.0, "percent_covered_display": "75", "missing_lines": 1, "excluded_lines": 0}, "missing_lines": [154], "excluded_lines": []}, "AssetProcessor.get_combined_js_content": {"executed_lines": [175, 178, 184, 185, 186, 187, 188, 189, 196, 197, 198, 199, 200, 204], "summary": {"covered_lines": 14, "num_statements": 19, "percent_covered": 73.6842105263158, "percent_covered_display": "74", "missing_lines": 5, "excluded_lines": 0}, "missing_lines": [190, 191, 193, 201, 202], "excluded_lines": []}, "AssetProcessor.get_base64_image": {"executed_lines": [], "summary": {"covered_lines": 0, "num_statements": 12, "percent_covered": 0.0, "percent_covered_display": "0", "missing_lines": 12, "excluded_lines": 0}, "missing_lines": [226, 227, 230, 231, 239, 242, 243, 244, 245, 246, 247, 248], "excluded_lines": []}, "AssetProcessor.get_logo_base64": {"executed_lines": [], "summary": {"covered_lines": 0, "num_statements": 3, "percent_covered": 0.0, "percent_covered_display": "0", "missing_lines": 3, "excluded_lines": 0}, "missing_lines": [261, 262, 263], "excluded_lines": []}, "AssetProcessor.get_favicon_base64": {"executed_lines": [], "summary": {"covered_lines": 0, "num_statements": 3, "percent_covered": 0.0, "percent_covered_display": "0", "missing_lines": 3, "excluded_lines": 0}, "missing_lines": [276, 277, 278], "excluded_lines": []}, "AssetProcessor.get_icons": {"executed_lines": [], "summary": {"covered_lines": 0, "num_statements": 18, "percent_covered": 0.0, "percent_covered_display": "0", "missing_lines": 18, "excluded_lines": 0}, "missing_lines": [291, 292, 294, 295, 296, 299, 304, 306, 307, 310, 311, 312, 313, 314, 315, 316, 318, 319], "excluded_lines": []}, "AssetProcessor.create_full_report_assets": {"executed_lines": [], "summary": {"covered_lines": 0, "num_statements": 34, "percent_covered": 0.0, "percent_covered_display": "0", "missing_lines": 34, "excluded_lines": 0}, "missing_lines": [344, 346, 349, 350, 351, 352, 353, 354, 357, 358, 359, 360, 361, 362, 365, 366, 367, 368, 369, 370, 373, 374, 375, 376, 377, 378, 381, 382, 383, 384, 385, 386, 388, 389], "excluded_lines": []}, "": {"executed_lines": [1, 10, 11, 12, 13, 14, 16, 17, 19, 22, 23, 34, 50, 65, 74, 92, 141, 158, 210, 250, 251, 265, 266, 280, 325], "summary": {"covered_lines": 23, "num_statements": 23, "percent_covered": 100.0, "percent_covered_display": "100", "missing_lines": 0, "excluded_lines": 0}, "missing_lines": [], "excluded_lines": []}}, "classes": {"AssetProcessor": {"executed_lines": [43, 44, 63, 86, 108, 112, 114, 119, 120, 123, 124, 125, 128, 129, 130, 131, 132, 135, 136, 138, 139, 151, 153, 156, 175, 178, 184, 185, 186, 187, 188, 189, 196, 197, 198, 199, 200, 204], "summary": {"covered_lines": 38, "num_statements": 118, "percent_covered": 32.20338983050848, "percent_covered_display": "32", "missing_lines": 80, "excluded_lines": 0}, "missing_lines": [72, 109, 115, 116, 154, 190, 191, 193, 201, 202, 226, 227, 230, 231, 239, 242, 243, 244, 245, 246, 247, 248, 261, 262, 263, 276, 277, 278, 291, 292, 294, 295, 296, 299, 304, 306, 307, 310, 311, 312, 313, 314, 315, 316, 318, 319, 344, 346, 349, 350, 351, 352, 353, 354, 357, 358, 359, 360, 361, 362, 365, 366, 367, 368, 369, 370, 373, 374, 375, 376, 377, 378, 381, 382, 383, 384, 385, 386, 388, 389], "excluded_lines": []}, "": {"executed_lines": [1, 10, 11, 12, 13, 14, 16, 17, 19, 22, 23, 34, 50, 65, 74, 92, 141, 158, 210, 250, 251, 265, 266, 280, 325], "summary": {"covered_lines": 23, "num_statements": 23, "percent_covered": 100.0, "percent_covered_display": "100", "missing_lines": 0, "excluded_lines": 0}, "missing_lines": [], "excluded_lines": []}}}, "deepbridge/core/experiment/report/asset_processor_old.py": {"executed_lines": [], "summary": {"covered_lines": 0, "num_statements": 345, "percent_covered": 0.0, "percent_covered_display": "0", "missing_lines": 345, "excluded_lines": 0}, "missing_lines": [6, 7, 8, 9, 10, 11, 14, 17, 18, 19, 20, 21, 22, 23, 26, 27, 28, 30, 31, 33, 38, 47, 49, 70, 71, 74, 75, 78, 79, 82, 85, 86, 87, 88, 89, 90, 91, 92, 93, 96, 97, 100, 101, 102, 103, 104, 105, 106, 107, 108, 109, 111, 113, 115, 127, 130, 132, 133, 136, 138, 152, 153, 154, 155, 156, 157, 160, 161, 162, 163, 164, 165, 166, 169, 170, 172, 174, 193, 194, 197, 198, 200, 201, 204, 205, 206, 207, 208, 209, 210, 213, 214, 216, 218, 219, 220, 221, 223, 225, 226, 227, 228, 230, 233, 234, 237, 240, 241, 242, 243, 244, 247, 248, 249, 250, 251, 252, 255, 256, 257, 258, 259, 260, 263, 264, 265, 266, 267, 268, 271, 272, 273, 274, 277, 324, 326, 338, 341, 344, 345, 348, 349, 350, 351, 352, 353, 356, 357, 359, 361, 362, 363, 364, 366, 368, 369, 370, 371, 374, 377, 378, 379, 380, 381, 384, 385, 386, 387, 388, 389, 392, 393, 394, 395, 397, 399, 414, 415, 416, 417, 418, 419, 422, 423, 424, 425, 428, 431, 432, 433, 434, 435, 436, 437, 438, 441, 442, 443, 444, 445, 446, 447, 448, 451, 452, 453, 454, 455, 456, 457, 458, 461, 462, 463, 464, 465, 466, 467, 468, 471, 472, 473, 474, 475, 476, 477, 478, 481, 483, 485, 486, 487, 488, 489, 492, 493, 494, 495, 496, 498, 501, 502, 505, 506, 507, 509, 510, 511, 514, 515, 516, 517, 518, 519, 520, 521, 522, 524, 525, 526, 529, 530, 531, 532, 533, 534, 535, 537, 539, 557, 558, 560, 562, 563, 571, 573, 574, 575, 576, 577, 578, 580, 581, 596, 597, 598, 600, 601, 616, 617, 618, 620, 628, 629, 630, 631, 633, 634, 635, 636, 637, 638, 639, 640, 641, 642, 644, 646, 659, 662, 663, 664, 665, 666, 668, 669, 670, 671, 672, 675, 676, 677, 678, 679, 681, 682, 683, 684, 685, 688, 689, 690, 691, 692, 695, 696, 697, 698, 699, 702, 703, 704, 705, 706, 708], "excluded_lines": [], "functions": {"AssetProcessor.__init__": {"executed_lines": [], "summary": {"covered_lines": 0, "num_statements": 1, "percent_covered": 0.0, "percent_covered_display": "0", "missing_lines": 1, "excluded_lines": 0}, "missing_lines": [47], "excluded_lines": []}, "AssetProcessor.get_css_content": {"executed_lines": [], "summary": {"covered_lines": 0, "num_statements": 30, "percent_covered": 0.0, "percent_covered_display": "0", "missing_lines": 30, "excluded_lines": 0}, "missing_lines": [70, 71, 74, 75, 78, 79, 82, 85, 86, 87, 88, 89, 90, 91, 92, 93, 96, 97, 100, 101, 102, 103, 104, 105, 106, 107, 108, 109, 111, 113], "excluded_lines": []}, "AssetProcessor.get_generic_css_content": {"executed_lines": [], "summary": {"covered_lines": 0, "num_statements": 5, "percent_covered": 0.0, "percent_covered_display": "0", "missing_lines": 5, "excluded_lines": 0}, "missing_lines": [127, 130, 132, 133, 136], "excluded_lines": []}, "AssetProcessor.get_combined_css_content": {"executed_lines": [], "summary": {"covered_lines": 0, "num_statements": 16, "percent_covered": 0.0, "percent_covered_display": "0", "missing_lines": 16, "excluded_lines": 0}, "missing_lines": [152, 153, 154, 155, 156, 157, 160, 161, 162, 163, 164, 165, 166, 169, 170, 172], "excluded_lines": []}, "AssetProcessor.get_js_content": {"executed_lines": [], "summary": {"covered_lines": 0, "num_statements": 58, "percent_covered": 0.0, "percent_covered_display": "0", "missing_lines": 58, "excluded_lines": 0}, "missing_lines": [193, 194, 197, 198, 200, 201, 204, 205, 206, 207, 208, 209, 210, 213, 214, 216, 218, 219, 220, 221, 223, 225, 226, 227, 228, 230, 233, 234, 237, 240, 241, 242, 243, 244, 247, 248, 249, 250, 251, 252, 255, 256, 257, 258, 259, 260, 263, 264, 265, 266, 267, 268, 271, 272, 273, 274, 277, 324], "excluded_lines": []}, "AssetProcessor.get_generic_js_content": {"executed_lines": [], "summary": {"covered_lines": 0, "num_statements": 39, "percent_covered": 0.0, "percent_covered_display": "0", "missing_lines": 39, "excluded_lines": 0}, "missing_lines": [338, 341, 344, 345, 348, 349, 350, 351, 352, 353, 356, 357, 359, 361, 362, 363, 364, 366, 368, 369, 370, 371, 374, 377, 378, 379, 380, 381, 384, 385, 386, 387, 388, 389, 392, 393, 394, 395, 397], "excluded_lines": []}, "AssetProcessor.get_combined_js_content": {"executed_lines": [], "summary": {"covered_lines": 0, "num_statements": 92, "percent_covered": 0.0, "percent_covered_display": "0", "missing_lines": 92, "excluded_lines": 0}, "missing_lines": [414, 415, 416, 417, 418, 419, 422, 423, 424, 425, 428, 431, 432, 433, 434, 435, 436, 437, 438, 441, 442, 443, 444, 445, 446, 447, 448, 451, 452, 453, 454, 455, 456, 457, 458, 461, 462, 463, 464, 465, 466, 467, 468, 471, 472, 473, 474, 475, 476, 477, 478, 481, 483, 485, 486, 487, 488, 489, 492, 493, 494, 495, 496, 498, 501, 502, 505, 506, 507, 509, 510, 511, 514, 515, 516, 517, 518, 519, 520, 521, 522, 524, 525, 526, 529, 530, 531, 532, 533, 534, 535, 537], "excluded_lines": []}, "AssetProcessor.get_base64_image": {"executed_lines": [], "summary": {"covered_lines": 0, "num_statements": 12, "percent_covered": 0.0, "percent_covered_display": "0", "missing_lines": 12, "excluded_lines": 0}, "missing_lines": [557, 558, 560, 562, 563, 571, 573, 574, 575, 576, 577, 578], "excluded_lines": []}, "AssetProcessor.get_logo_base64": {"executed_lines": [], "summary": {"covered_lines": 0, "num_statements": 3, "percent_covered": 0.0, "percent_covered_display": "0", "missing_lines": 3, "excluded_lines": 0}, "missing_lines": [596, 597, 598], "excluded_lines": []}, "AssetProcessor.get_favicon_base64": {"executed_lines": [], "summary": {"covered_lines": 0, "num_statements": 3, "percent_covered": 0.0, "percent_covered_display": "0", "missing_lines": 3, "excluded_lines": 0}, "missing_lines": [616, 617, 618], "excluded_lines": []}, "AssetProcessor.get_icons": {"executed_lines": [], "summary": {"covered_lines": 0, "num_statements": 15, "percent_covered": 0.0, "percent_covered_display": "0", "missing_lines": 15, "excluded_lines": 0}, "missing_lines": [628, 629, 630, 631, 633, 634, 635, 636, 637, 638, 639, 640, 641, 642, 644], "excluded_lines": []}, "AssetProcessor.create_full_report_assets": {"executed_lines": [], "summary": {"covered_lines": 0, "num_statements": 37, "percent_covered": 0.0, "percent_covered_display": "0", "missing_lines": 37, "excluded_lines": 0}, "missing_lines": [659, 662, 663, 664, 665, 666, 668, 669, 670, 671, 672, 675, 676, 677, 678, 679, 681, 682, 683, 684, 685, 688, 689, 690, 691, 692, 695, 696, 697, 698, 699, 702, 703, 704, 705, 706, 708], "excluded_lines": []}, "": {"executed_lines": [], "summary": {"covered_lines": 0, "num_statements": 34, "percent_covered": 0.0, "percent_covered_display": "0", "missing_lines": 34, "excluded_lines": 0}, "missing_lines": [6, 7, 8, 9, 10, 11, 14, 17, 18, 19, 20, 21, 22, 23, 26, 27, 28, 30, 31, 33, 38, 49, 115, 138, 174, 326, 399, 539, 580, 581, 600, 601, 620, 646], "excluded_lines": []}}, "classes": {"AssetProcessor": {"executed_lines": [], "summary": {"covered_lines": 0, "num_statements": 311, "percent_covered": 0.0, "percent_covered_display": "0", "missing_lines": 311, "excluded_lines": 0}, "missing_lines": [47, 70, 71, 74, 75, 78, 79, 82, 85, 86, 87, 88, 89, 90, 91, 92, 93, 96, 97, 100, 101, 102, 103, 104, 105, 106, 107, 108, 109, 111, 113, 127, 130, 132, 133, 136, 152, 153, 154, 155, 156, 157, 160, 161, 162, 163, 164, 165, 166, 169, 170, 172, 193, 194, 197, 198, 200, 201, 204, 205, 206, 207, 208, 209, 210, 213, 214, 216, 218, 219, 220, 221, 223, 225, 226, 227, 228, 230, 233, 234, 237, 240, 241, 242, 243, 244, 247, 248, 249, 250, 251, 252, 255, 256, 257, 258, 259, 260, 263, 264, 265, 266, 267, 268, 271, 272, 273, 274, 277, 324, 338, 341, 344, 345, 348, 349, 350, 351, 352, 353, 356, 357, 359, 361, 362, 363, 364, 366, 368, 369, 370, 371, 374, 377, 378, 379, 380, 381, 384, 385, 386, 387, 388, 389, 392, 393, 394, 395, 397, 414, 415, 416, 417, 418, 419, 422, 423, 424, 425, 428, 431, 432, 433, 434, 435, 436, 437, 438, 441, 442, 443, 444, 445, 446, 447, 448, 451, 452, 453, 454, 455, 456, 457, 458, 461, 462, 463, 464, 465, 466, 467, 468, 471, 472, 473, 474, 475, 476, 477, 478, 481, 483, 485, 486, 487, 488, 489, 492, 493, 494, 495, 496, 498, 501, 502, 505, 506, 507, 509, 510, 511, 514, 515, 516, 517, 518, 519, 520, 521, 522, 524, 525, 526, 529, 530, 531, 532, 533, 534, 535, 537, 557, 558, 560, 562, 563, 571, 573, 574, 575, 576, 577, 578, 596, 597, 598, 616, 617, 618, 628, 629, 630, 631, 633, 634, 635, 636, 637, 638, 639, 640, 641, 642, 644, 659, 662, 663, 664, 665, 666, 668, 669, 670, 671, 672, 675, 676, 677, 678, 679, 681, 682, 683, 684, 685, 688, 689, 690, 691, 692, 695, 696, 697, 698, 699, 702, 703, 704, 705, 706, 708], "excluded_lines": []}, "": {"executed_lines": [], "summary": {"covered_lines": 0, "num_statements": 34, "percent_covered": 0.0, "percent_covered_display": "0", "missing_lines": 34, "excluded_lines": 0}, "missing_lines": [6, 7, 8, 9, 10, 11, 14, 17, 18, 19, 20, 21, 22, 23, 26, 27, 28, 30, 31, 33, 38, 49, 115, 138, 174, 326, 399, 539, 580, 581, 600, 601, 620, 646], "excluded_lines": []}}}, "deepbridge/core/experiment/report/async_generator.py": {"executed_lines": [1, 15, 16, 17, 18, 19, 20, 21, 23, 26, 27, 28, 29, 32, 33, 34, 35, 36, 37, 38, 41, 42, 48, 66, 67, 68, 69, 70, 72, 73, 74, 75, 76, 78, 79, 82, 83, 89, 97, 98, 99, 100, 101, 102, 104, 106, 108, 115, 116, 117, 118, 123, 124, 126, 128, 130, 132, 134, 144, 145, 167, 179, 180, 183, 184, 185, 187, 188, 190, 206, 208, 209, 211, 213, 219, 220, 221, 229, 231, 233, 245, 248, 251, 252, 253, 266, 268, 295, 298, 299, 300, 303, 306, 307, 308, 309, 310, 312, 313, 315, 334, 336, 337, 339, 340, 341, 342, 343, 344, 346, 347, 348, 350, 357, 358, 360, 362, 369, 395, 396, 397, 398, 400, 403, 406, 432, 435, 436, 437, 443, 446, 447, 450], "summary": {"covered_lines": 127, "num_statements": 141, "percent_covered": 90.0709219858156, "percent_covered_display": "90", "missing_lines": 14, "excluded_lines": 0}, "missing_lines": [119, 120, 129, 223, 224, 225, 226, 256, 257, 259, 260, 262, 264, 401], "excluded_lines": [], "functions": {"ReportTask.__init__": {"executed_lines": [66, 67, 68, 69, 70, 72, 73, 74, 75, 76], "summary": {"covered_lines": 10, "num_statements": 10, "percent_covered": 100.0, "percent_covered_display": "100", "missing_lines": 0, "excluded_lines": 0}, "missing_lines": [], "excluded_lines": []}, "ReportTask.__repr__": {"executed_lines": [79], "summary": {"covered_lines": 1, "num_statements": 1, "percent_covered": 100.0, "percent_covered_display": "100", "missing_lines": 0, "excluded_lines": 0}, "missing_lines": [], "excluded_lines": []}, "ProgressTracker.__init__": {"executed_lines": [97, 98, 99, 100, 101, 102], "summary": {"covered_lines": 6, "num_statements": 6, "percent_covered": 100.0, "percent_covered_display": "100", "missing_lines": 0, "excluded_lines": 0}, "missing_lines": [], "excluded_lines": []}, "ProgressTracker.register_task": {"executed_lines": [106], "summary": {"covered_lines": 1, "num_statements": 1, "percent_covered": 100.0, "percent_covered_display": "100", "missing_lines": 0, "excluded_lines": 0}, "missing_lines": [], "excluded_lines": []}, "ProgressTracker.update": {"executed_lines": [115, 116, 117, 118, 123, 124], "summary": {"covered_lines": 6, "num_statements": 8, "percent_covered": 75.0, "percent_covered_display": "75", "missing_lines": 2, "excluded_lines": 0}, "missing_lines": [119, 120], "excluded_lines": []}, "ProgressTracker.percentage": {"executed_lines": [128, 130], "summary": {"covered_lines": 2, "num_statements": 3, "percent_covered": 66.66666666666667, "percent_covered_display": "67", "missing_lines": 1, "excluded_lines": 0}, "missing_lines": [129], "excluded_lines": []}, "ProgressTracker.summary": {"executed_lines": [134], "summary": {"covered_lines": 1, "num_statements": 1, "percent_covered": 100.0, "percent_covered_display": "100", "missing_lines": 0, "excluded_lines": 0}, "missing_lines": [], "excluded_lines": []}, "AsyncReportGenerator.__init__": {"executed_lines": [179, 180, 183, 184, 185, 187, 188], "summary": {"covered_lines": 7, "num_statements": 7, "percent_covered": 100.0, "percent_covered_display": "100", "missing_lines": 0, "excluded_lines": 0}, "missing_lines": [], "excluded_lines": []}, "AsyncReportGenerator.generate_single": {"executed_lines": [206, 208, 209, 211, 213, 219, 220, 221, 229, 231], "summary": {"covered_lines": 10, "num_statements": 14, "percent_covered": 71.42857142857143, "percent_covered_display": "71", "missing_lines": 4, "excluded_lines": 0}, "missing_lines": [223, 224, 225, 226], "excluded_lines": []}, "AsyncReportGenerator._execute_task": {"executed_lines": [245, 248, 251, 252, 253, 266], "summary": {"covered_lines": 6, "num_statements": 12, "percent_covered": 50.0, "percent_covered_display": "50", "missing_lines": 6, "excluded_lines": 0}, "missing_lines": [256, 257, 259, 260, 262, 264], "excluded_lines": []}, "AsyncReportGenerator.generate_batch": {"executed_lines": [295, 298, 299, 300, 303, 306, 307, 308, 309, 310, 312, 313], "summary": {"covered_lines": 12, "num_statements": 12, "percent_covered": 100.0, "percent_covered_display": "100", "missing_lines": 0, "excluded_lines": 0}, "missing_lines": [], "excluded_lines": []}, "AsyncReportGenerator.generate_with_limit": {"executed_lines": [334, 336, 337, 339, 346, 347, 348], "summary": {"covered_lines": 7, "num_statements": 7, "percent_covered": 100.0, "percent_covered_display": "100", "missing_lines": 0, "excluded_lines": 0}, "missing_lines": [], "excluded_lines": []}, "AsyncReportGenerator.generate_with_limit.limited_task": {"executed_lines": [340, 341, 342, 343, 344], "summary": {"covered_lines": 5, "num_statements": 5, "percent_covered": 100.0, "percent_covered_display": "100", "missing_lines": 0, "excluded_lines": 0}, "missing_lines": [], "excluded_lines": []}, "AsyncReportGenerator.shutdown": {"executed_lines": [357, 358], "summary": {"covered_lines": 2, "num_statements": 2, "percent_covered": 100.0, "percent_covered_display": "100", "missing_lines": 0, "excluded_lines": 0}, "missing_lines": [], "excluded_lines": []}, "AsyncReportGenerator.__del__": {"executed_lines": [362], "summary": {"covered_lines": 1, "num_statements": 1, "percent_covered": 100.0, "percent_covered_display": "100", "missing_lines": 0, "excluded_lines": 0}, "missing_lines": [], "excluded_lines": []}, "generate_report_async": {"executed_lines": [395, 396, 397, 398, 400, 403], "summary": {"covered_lines": 6, "num_statements": 7, "percent_covered": 85.71428571428571, "percent_covered_display": "86", "missing_lines": 1, "excluded_lines": 0}, "missing_lines": [401], "excluded_lines": []}, "generate_reports_async": {"executed_lines": [432, 435, 436, 437, 443, 446, 447, 450], "summary": {"covered_lines": 8, "num_statements": 8, "percent_covered": 100.0, "percent_covered_display": "100", "missing_lines": 0, "excluded_lines": 0}, "missing_lines": [], "excluded_lines": []}, "": {"executed_lines": [1, 15, 16, 17, 18, 19, 20, 21, 23, 26, 27, 28, 29, 32, 33, 34, 35, 36, 37, 38, 41, 42, 48, 78, 82, 83, 89, 104, 108, 126, 132, 144, 145, 167, 190, 233, 268, 315, 350, 360, 369, 406], "summary": {"covered_lines": 36, "num_statements": 36, "percent_covered": 100.0, "percent_covered_display": "100", "missing_lines": 0, "excluded_lines": 0}, "missing_lines": [], "excluded_lines": []}}, "classes": {"ExecutorType": {"executed_lines": [], "summary": {"covered_lines": 0, "num_statements": 0, "percent_covered": 100.0, "percent_covered_display": "100", "missing_lines": 0, "excluded_lines": 0}, "missing_lines": [], "excluded_lines": []}, "TaskStatus": {"executed_lines": [], "summary": {"covered_lines": 0, "num_statements": 0, "percent_covered": 100.0, "percent_covered_display": "100", "missing_lines": 0, "excluded_lines": 0}, "missing_lines": [], "excluded_lines": []}, "ReportTask": {"executed_lines": [66, 67, 68, 69, 70, 72, 73, 74, 75, 76, 79], "summary": {"covered_lines": 11, "num_statements": 11, "percent_covered": 100.0, "percent_covered_display": "100", "missing_lines": 0, "excluded_lines": 0}, "missing_lines": [], "excluded_lines": []}, "ProgressTracker": {"executed_lines": [97, 98, 99, 100, 101, 102, 106, 115, 116, 117, 118, 123, 124, 128, 130, 134], "summary": {"covered_lines": 16, "num_statements": 19, "percent_covered": 84.21052631578948, "percent_covered_display": "84", "missing_lines": 3, "excluded_lines": 0}, "missing_lines": [119, 120, 129], "excluded_lines": []}, "AsyncReportGenerator": {"executed_lines": [179, 180, 183, 184, 185, 187, 188, 206, 208, 209, 211, 213, 219, 220, 221, 229, 231, 245, 248, 251, 252, 253, 266, 295, 298, 299, 300, 303, 306, 307, 308, 309, 310, 312, 313, 334, 336, 337, 339, 340, 341, 342, 343, 344, 346, 347, 348, 357, 358, 362], "summary": {"covered_lines": 50, "num_statements": 60, "percent_covered": 83.33333333333333, "percent_covered_display": "83", "missing_lines": 10, "excluded_lines": 0}, "missing_lines": [223, 224, 225, 226, 256, 257, 259, 260, 262, 264], "excluded_lines": []}, "": {"executed_lines": [1, 15, 16, 17, 18, 19, 20, 21, 23, 26, 27, 28, 29, 32, 33, 34, 35, 36, 37, 38, 41, 42, 48, 78, 82, 83, 89, 104, 108, 126, 132, 144, 145, 167, 190, 233, 268, 315, 350, 360, 369, 395, 396, 397, 398, 400, 403, 406, 432, 435, 436, 437, 443, 446, 447, 450], "summary": {"covered_lines": 50, "num_statements": 51, "percent_covered": 98.03921568627452, "percent_covered_display": "98", "missing_lines": 1, "excluded_lines": 0}, "missing_lines": [401], "excluded_lines": []}}}, "deepbridge/core/experiment/report/base.py": {"executed_lines": [1, 6, 7, 8, 9, 12, 14, 15, 19, 22, 23, 24, 29, 62, 94], "summary": {"covered_lines": 13, "num_statements": 64, "percent_covered": 20.3125, "percent_covered_display": "20", "missing_lines": 51, "excluded_lines": 0}, "missing_lines": [25, 26, 27, 47, 48, 51, 54, 55, 58, 60, 75, 76, 77, 78, 81, 82, 83, 84, 85, 86, 87, 88, 89, 90, 92, 107, 108, 109, 111, 112, 113, 114, 115, 116, 117, 118, 119, 120, 121, 123, 124, 125, 126, 128, 129, 130, 131, 133, 134, 135, 137], "excluded_lines": [], "functions": {"DataTransformer.__init__": {"executed_lines": [22, 23, 24], "summary": {"covered_lines": 3, "num_statements": 6, "percent_covered": 50.0, "percent_covered_display": "50", "missing_lines": 3, "excluded_lines": 0}, "missing_lines": [25, 26, 27], "excluded_lines": []}, "DataTransformer.transform": {"executed_lines": [], "summary": {"covered_lines": 0, "num_statements": 7, "percent_covered": 0.0, "percent_covered_display": "0", "missing_lines": 7, "excluded_lines": 0}, "missing_lines": [47, 48, 51, 54, 55, 58, 60], "excluded_lines": []}, "DataTransformer._deep_copy": {"executed_lines": [], "summary": {"covered_lines": 0, "num_statements": 15, "percent_covered": 0.0, "percent_covered_display": "0", "missing_lines": 15, "excluded_lines": 0}, "missing_lines": [75, 76, 77, 78, 81, 82, 83, 84, 85, 86, 87, 88, 89, 90, 92], "excluded_lines": []}, "DataTransformer.convert_numpy_types": {"executed_lines": [], "summary": {"covered_lines": 0, "num_statements": 26, "percent_covered": 0.0, "percent_covered_display": "0", "missing_lines": 26, "excluded_lines": 0}, "missing_lines": [107, 108, 109, 111, 112, 113, 114, 115, 116, 117, 118, 119, 120, 121, 123, 124, 125, 126, 128, 129, 130, 131, 133, 134, 135, 137], "excluded_lines": []}, "": {"executed_lines": [1, 6, 7, 8, 9, 12, 14, 15, 19, 29, 62, 94], "summary": {"covered_lines": 10, "num_statements": 10, "percent_covered": 100.0, "percent_covered_display": "100", "missing_lines": 0, "excluded_lines": 0}, "missing_lines": [], "excluded_lines": []}}, "classes": {"DataTransformer": {"executed_lines": [22, 23, 24], "summary": {"covered_lines": 3, "num_statements": 54, "percent_covered": 5.555555555555555, "percent_covered_display": "6", "missing_lines": 51, "excluded_lines": 0}, "missing_lines": [25, 26, 27, 47, 48, 51, 54, 55, 58, 60, 75, 76, 77, 78, 81, 82, 83, 84, 85, 86, 87, 88, 89, 90, 92, 107, 108, 109, 111, 112, 113, 114, 115, 116, 117, 118, 119, 120, 121, 123, 124, 125, 126, 128, 129, 130, 131, 133, 134, 135, 137], "excluded_lines": []}, "": {"executed_lines": [1, 6, 7, 8, 9, 12, 14, 15, 19, 29, 62, 94], "summary": {"covered_lines": 10, "num_statements": 10, "percent_covered": 100.0, "percent_covered_display": "100", "missing_lines": 0, "excluded_lines": 0}, "missing_lines": [], "excluded_lines": []}}}, "deepbridge/core/experiment/report/cache/__init__.py": {"executed_lines": [1, 50, 51, 52, 53, 55], "summary": {"covered_lines": 5, "num_statements": 5, "percent_covered": 100.0, "percent_covered_display": "100", "missing_lines": 0, "excluded_lines": 0}, "missing_lines": [], "excluded_lines": [], "functions": {"": {"executed_lines": [1, 50, 51, 52, 53, 55], "summary": {"covered_lines": 5, "num_statements": 5, "percent_covered": 100.0, "percent_covered_display": "100", "missing_lines": 0, "excluded_lines": 0}, "missing_lines": [], "excluded_lines": []}}, "classes": {"": {"executed_lines": [1, 50, 51, 52, 53, 55], "summary": {"covered_lines": 5, "num_statements": 5, "percent_covered": 100.0, "percent_covered_display": "100", "missing_lines": 0, "excluded_lines": 0}, "missing_lines": [], "excluded_lines": []}}}, "deepbridge/core/experiment/report/cache/base.py": {"executed_lines": [1, 7, 8, 9, 10, 13, 14, 15, 25, 26, 27, 28, 29, 31, 32, 34, 35, 36, 37, 39, 40, 42, 45, 46, 67, 68, 86, 87, 101, 102, 117, 118, 127, 128, 146, 160, 162, 180, 181, 182, 184, 185, 186], "summary": {"covered_lines": 40, "num_statements": 45, "percent_covered": 88.88888888888889, "percent_covered_display": "89", "missing_lines": 5, "excluded_lines": 0}, "missing_lines": [84, 99, 115, 125, 144], "excluded_lines": [], "functions": {"CacheEntry.is_expired": {"executed_lines": [34, 35, 36, 37], "summary": {"covered_lines": 4, "num_statements": 4, "percent_covered": 100.0, "percent_covered_display": "100", "missing_lines": 0, "excluded_lines": 0}, "missing_lines": [], "excluded_lines": []}, "CacheEntry.age_seconds": {"executed_lines": [42], "summary": {"covered_lines": 1, "num_statements": 1, "percent_covered": 100.0, "percent_covered_display": "100", "missing_lines": 0, "excluded_lines": 0}, "missing_lines": [], "excluded_lines": []}, "CacheStrategy.get": {"executed_lines": [], "summary": {"covered_lines": 0, "num_statements": 1, "percent_covered": 0.0, "percent_covered_display": "0", "missing_lines": 1, "excluded_lines": 0}, "missing_lines": [84], "excluded_lines": []}, "CacheStrategy.set": {"executed_lines": [], "summary": {"covered_lines": 0, "num_statements": 1, "percent_covered": 0.0, "percent_covered_display": "0", "missing_lines": 1, "excluded_lines": 0}, "missing_lines": [99], "excluded_lines": []}, "CacheStrategy.delete": {"executed_lines": [], "summary": {"covered_lines": 0, "num_statements": 1, "percent_covered": 0.0, "percent_covered_display": "0", "missing_lines": 1, "excluded_lines": 0}, "missing_lines": [115], "excluded_lines": []}, "CacheStrategy.clear": {"executed_lines": [], "summary": {"covered_lines": 0, "num_statements": 1, "percent_covered": 0.0, "percent_covered_display": "0", "missing_lines": 1, "excluded_lines": 0}, "missing_lines": [125], "excluded_lines": []}, "CacheStrategy.stats": {"executed_lines": [], "summary": {"covered_lines": 0, "num_statements": 1, "percent_covered": 0.0, "percent_covered_display": "0", "missing_lines": 1, "excluded_lines": 0}, "missing_lines": [144], "excluded_lines": []}, "CacheStrategy.has": {"executed_lines": [160], "summary": {"covered_lines": 1, "num_statements": 1, "percent_covered": 100.0, "percent_covered_display": "100", "missing_lines": 0, "excluded_lines": 0}, "missing_lines": [], "excluded_lines": []}, "CacheStrategy.get_or_set": {"executed_lines": [180, 181, 182, 184, 185, 186], "summary": {"covered_lines": 6, "num_statements": 6, "percent_covered": 100.0, "percent_covered_display": "100", "missing_lines": 0, "excluded_lines": 0}, "missing_lines": [], "excluded_lines": []}, "": {"executed_lines": [1, 7, 8, 9, 10, 13, 14, 15, 25, 26, 27, 28, 29, 31, 32, 39, 40, 45, 46, 67, 68, 86, 87, 101, 102, 117, 118, 127, 128, 146, 162], "summary": {"covered_lines": 28, "num_statements": 28, "percent_covered": 100.0, "percent_covered_display": "100", "missing_lines": 0, "excluded_lines": 0}, "missing_lines": [], "excluded_lines": []}}, "classes": {"CacheEntry": {"executed_lines": [34, 35, 36, 37, 42], "summary": {"covered_lines": 5, "num_statements": 5, "percent_covered": 100.0, "percent_covered_display": "100", "missing_lines": 0, "excluded_lines": 0}, "missing_lines": [], "excluded_lines": []}, "CacheStrategy": {"executed_lines": [160, 180, 181, 182, 184, 185, 186], "summary": {"covered_lines": 7, "num_statements": 12, "percent_covered": 58.333333333333336, "percent_covered_display": "58", "missing_lines": 5, "excluded_lines": 0}, "missing_lines": [84, 99, 115, 125, 144], "excluded_lines": []}, "": {"executed_lines": [1, 7, 8, 9, 10, 13, 14, 15, 25, 26, 27, 28, 29, 31, 32, 39, 40, 45, 46, 67, 68, 86, 87, 101, 102, 117, 118, 127, 128, 146, 162], "summary": {"covered_lines": 28, "num_statements": 28, "percent_covered": 100.0, "percent_covered_display": "100", "missing_lines": 0, "excluded_lines": 0}, "missing_lines": [], "excluded_lines": []}}}, "deepbridge/core/experiment/report/cache/cache_manager.py": {"executed_lines": [1, 7, 8, 9, 11, 12, 13, 16, 17, 40, 56, 58, 59, 60, 63, 67, 71, 76, 82, 97, 98, 100, 102, 104, 106, 108, 133, 134, 140, 154, 155, 157, 159, 161, 163, 169, 184, 186, 188, 190, 192, 198, 200, 201, 202, 204, 215, 222, 228, 229, 230, 231, 232, 234, 240, 241, 242, 243, 244, 250, 251, 265, 266], "summary": {"covered_lines": 61, "num_statements": 61, "percent_covered": 100.0, "percent_covered_display": "100", "missing_lines": 0, "excluded_lines": 0}, "missing_lines": [], "excluded_lines": [], "functions": {"CacheManager.__init__": {"executed_lines": [56, 58, 59, 60, 63, 67, 71, 76], "summary": {"covered_lines": 8, "num_statements": 8, "percent_covered": 100.0, "percent_covered_display": "100", "missing_lines": 0, "excluded_lines": 0}, "missing_lines": [], "excluded_lines": []}, "CacheManager.make_chart_key": {"executed_lines": [97, 98], "summary": {"covered_lines": 2, "num_statements": 2, "percent_covered": 100.0, "percent_covered_display": "100", "missing_lines": 0, "excluded_lines": 0}, "missing_lines": [], "excluded_lines": []}, "CacheManager.get_chart": {"executed_lines": [102], "summary": {"covered_lines": 1, "num_statements": 1, "percent_covered": 100.0, "percent_covered_display": "100", "missing_lines": 0, "excluded_lines": 0}, "missing_lines": [], "excluded_lines": []}, "CacheManager.cache_chart": {"executed_lines": [106], "summary": {"covered_lines": 1, "num_statements": 1, "percent_covered": 100.0, "percent_covered_display": "100", "missing_lines": 0, "excluded_lines": 0}, "missing_lines": [], "excluded_lines": []}, "CacheManager.get_or_generate_chart": {"executed_lines": [133, 134], "summary": {"covered_lines": 2, "num_statements": 2, "percent_covered": 100.0, "percent_covered_display": "100", "missing_lines": 0, "excluded_lines": 0}, "missing_lines": [], "excluded_lines": []}, "CacheManager.make_template_key": {"executed_lines": [154, 155], "summary": {"covered_lines": 2, "num_statements": 2, "percent_covered": 100.0, "percent_covered_display": "100", "missing_lines": 0, "excluded_lines": 0}, "missing_lines": [], "excluded_lines": []}, "CacheManager.get_template": {"executed_lines": [159], "summary": {"covered_lines": 1, "num_statements": 1, "percent_covered": 100.0, "percent_covered_display": "100", "missing_lines": 0, "excluded_lines": 0}, "missing_lines": [], "excluded_lines": []}, "CacheManager.cache_template": {"executed_lines": [163], "summary": {"covered_lines": 1, "num_statements": 1, "percent_covered": 100.0, "percent_covered_display": "100", "missing_lines": 0, "excluded_lines": 0}, "missing_lines": [], "excluded_lines": []}, "CacheManager.make_data_key": {"executed_lines": [184], "summary": {"covered_lines": 1, "num_statements": 1, "percent_covered": 100.0, "percent_covered_display": "100", "missing_lines": 0, "excluded_lines": 0}, "missing_lines": [], "excluded_lines": []}, "CacheManager.get_data": {"executed_lines": [188], "summary": {"covered_lines": 1, "num_statements": 1, "percent_covered": 100.0, "percent_covered_display": "100", "missing_lines": 0, "excluded_lines": 0}, "missing_lines": [], "excluded_lines": []}, "CacheManager.cache_data": {"executed_lines": [192], "summary": {"covered_lines": 1, "num_statements": 1, "percent_covered": 100.0, "percent_covered_display": "100", "missing_lines": 0, "excluded_lines": 0}, "missing_lines": [], "excluded_lines": []}, "CacheManager.clear_all": {"executed_lines": [200, 201, 202], "summary": {"covered_lines": 3, "num_statements": 3, "percent_covered": 100.0, "percent_covered_display": "100", "missing_lines": 0, "excluded_lines": 0}, "missing_lines": [], "excluded_lines": []}, "CacheManager.stats": {"executed_lines": [215], "summary": {"covered_lines": 1, "num_statements": 1, "percent_covered": 100.0, "percent_covered_display": "100", "missing_lines": 0, "excluded_lines": 0}, "missing_lines": [], "excluded_lines": []}, "CacheManager.enable": {"executed_lines": [228, 229, 230, 231, 232], "summary": {"covered_lines": 5, "num_statements": 5, "percent_covered": 100.0, "percent_covered_display": "100", "missing_lines": 0, "excluded_lines": 0}, "missing_lines": [], "excluded_lines": []}, "CacheManager.disable": {"executed_lines": [240, 241, 242, 243, 244], "summary": {"covered_lines": 5, "num_statements": 5, "percent_covered": 100.0, "percent_covered_display": "100", "missing_lines": 0, "excluded_lines": 0}, "missing_lines": [], "excluded_lines": []}, "CacheManager._hash_dict": {"executed_lines": [265, 266], "summary": {"covered_lines": 2, "num_statements": 2, "percent_covered": 100.0, "percent_covered_display": "100", "missing_lines": 0, "excluded_lines": 0}, "missing_lines": [], "excluded_lines": []}, "": {"executed_lines": [1, 7, 8, 9, 11, 12, 13, 16, 17, 40, 82, 100, 104, 108, 140, 157, 161, 169, 186, 190, 198, 204, 222, 234, 250, 251], "summary": {"covered_lines": 24, "num_statements": 24, "percent_covered": 100.0, "percent_covered_display": "100", "missing_lines": 0, "excluded_lines": 0}, "missing_lines": [], "excluded_lines": []}}, "classes": {"CacheManager": {"executed_lines": [56, 58, 59, 60, 63, 67, 71, 76, 97, 98, 102, 106, 133, 134, 154, 155, 159, 163, 184, 188, 192, 200, 201, 202, 215, 228, 229, 230, 231, 232, 240, 241, 242, 243, 244, 265, 266], "summary": {"covered_lines": 37, "num_statements": 37, "percent_covered": 100.0, "percent_covered_display": "100", "missing_lines": 0, "excluded_lines": 0}, "missing_lines": [], "excluded_lines": []}, "": {"executed_lines": [1, 7, 8, 9, 11, 12, 13, 16, 17, 40, 82, 100, 104, 108, 140, 157, 161, 169, 186, 190, 198, 204, 222, 234, 250, 251], "summary": {"covered_lines": 24, "num_statements": 24, "percent_covered": 100.0, "percent_covered_display": "100", "missing_lines": 0, "excluded_lines": 0}, "missing_lines": [], "excluded_lines": []}}}, "deepbridge/core/experiment/report/cache/memory_cache.py": {"executed_lines": [1, 11, 12, 13, 14, 15, 17, 20, 21, 38, 50, 51, 53, 54, 57, 58, 60, 72, 73, 75, 76, 77, 80, 81, 82, 83, 86, 87, 88, 90, 92, 103, 105, 106, 109, 117, 118, 121, 123, 124, 126, 138, 139, 140, 141, 142, 144, 150, 151, 152, 153, 155, 171, 172, 173, 176, 182, 183, 184, 192, 202, 215, 216, 221, 222, 224, 226, 238, 239, 242, 243, 244, 246, 259, 260], "summary": {"covered_lines": 73, "num_statements": 73, "percent_covered": 100.0, "percent_covered_display": "100", "missing_lines": 0, "excluded_lines": 0}, "missing_lines": [], "excluded_lines": [], "functions": {"MemoryCache.__init__": {"executed_lines": [50, 51, 53, 54, 57, 58], "summary": {"covered_lines": 6, "num_statements": 6, "percent_covered": 100.0, "percent_covered_display": "100", "missing_lines": 0, "excluded_lines": 0}, "missing_lines": [], "excluded_lines": []}, "MemoryCache.get": {"executed_lines": [72, 73, 75, 76, 77, 80, 81, 82, 83, 86, 87, 88, 90], "summary": {"covered_lines": 13, "num_statements": 13, "percent_covered": 100.0, "percent_covered_display": "100", "missing_lines": 0, "excluded_lines": 0}, "missing_lines": [], "excluded_lines": []}, "MemoryCache.set": {"executed_lines": [103, 105, 106, 109, 117, 118, 121, 123, 124], "summary": {"covered_lines": 9, "num_statements": 9, "percent_covered": 100.0, "percent_covered_display": "100", "missing_lines": 0, "excluded_lines": 0}, "missing_lines": [], "excluded_lines": []}, "MemoryCache.delete": {"executed_lines": [138, 139, 140, 141, 142], "summary": {"covered_lines": 5, "num_statements": 5, "percent_covered": 100.0, "percent_covered_display": "100", "missing_lines": 0, "excluded_lines": 0}, "missing_lines": [], "excluded_lines": []}, "MemoryCache.clear": {"executed_lines": [150, 151, 152, 153], "summary": {"covered_lines": 4, "num_statements": 4, "percent_covered": 100.0, "percent_covered_display": "100", "missing_lines": 0, "excluded_lines": 0}, "missing_lines": [], "excluded_lines": []}, "MemoryCache.stats": {"executed_lines": [171, 172, 173, 176, 182, 183, 184, 192], "summary": {"covered_lines": 8, "num_statements": 8, "percent_covered": 100.0, "percent_covered_display": "100", "missing_lines": 0, "excluded_lines": 0}, "missing_lines": [], "excluded_lines": []}, "MemoryCache.evict_expired": {"executed_lines": [215, 216, 221, 222, 224], "summary": {"covered_lines": 5, "num_statements": 5, "percent_covered": 100.0, "percent_covered_display": "100", "missing_lines": 0, "excluded_lines": 0}, "missing_lines": [], "excluded_lines": []}, "MemoryCache.resize": {"executed_lines": [238, 239, 242, 243, 244], "summary": {"covered_lines": 5, "num_statements": 5, "percent_covered": 100.0, "percent_covered_display": "100", "missing_lines": 0, "excluded_lines": 0}, "missing_lines": [], "excluded_lines": []}, "MemoryCache.keys": {"executed_lines": [259, 260], "summary": {"covered_lines": 2, "num_statements": 2, "percent_covered": 100.0, "percent_covered_display": "100", "missing_lines": 0, "excluded_lines": 0}, "missing_lines": [], "excluded_lines": []}, "": {"executed_lines": [1, 11, 12, 13, 14, 15, 17, 20, 21, 38, 60, 92, 126, 144, 155, 202, 226, 246], "summary": {"covered_lines": 16, "num_statements": 16, "percent_covered": 100.0, "percent_covered_display": "100", "missing_lines": 0, "excluded_lines": 0}, "missing_lines": [], "excluded_lines": []}}, "classes": {"MemoryCache": {"executed_lines": [50, 51, 53, 54, 57, 58, 72, 73, 75, 76, 77, 80, 81, 82, 83, 86, 87, 88, 90, 103, 105, 106, 109, 117, 118, 121, 123, 124, 138, 139, 140, 141, 142, 150, 151, 152, 153, 171, 172, 173, 176, 182, 183, 184, 192, 215, 216, 221, 222, 224, 238, 239, 242, 243, 244, 259, 260], "summary": {"covered_lines": 57, "num_statements": 57, "percent_covered": 100.0, "percent_covered_display": "100", "missing_lines": 0, "excluded_lines": 0}, "missing_lines": [], "excluded_lines": []}, "": {"executed_lines": [1, 11, 12, 13, 14, 15, 17, 20, 21, 38, 60, 92, 126, 144, 155, 202, 226, 246], "summary": {"covered_lines": 16, "num_statements": 16, "percent_covered": 100.0, "percent_covered_display": "100", "missing_lines": 0, "excluded_lines": 0}, "missing_lines": [], "excluded_lines": []}}}, "deepbridge/core/experiment/report/cache/no_op_cache.py": {"executed_lines": [1, 8, 9, 12, 13, 29, 31, 33, 35, 37, 39, 41, 43, 45, 52], "summary": {"covered_lines": 13, "num_statements": 13, "percent_covered": 100.0, "percent_covered_display": "100", "missing_lines": 0, "excluded_lines": 0}, "missing_lines": [], "excluded_lines": [], "functions": {"NoOpCache.get": {"executed_lines": [31], "summary": {"covered_lines": 1, "num_statements": 1, "percent_covered": 100.0, "percent_covered_display": "100", "missing_lines": 0, "excluded_lines": 0}, "missing_lines": [], "excluded_lines": []}, "NoOpCache.set": {"executed_lines": [35], "summary": {"covered_lines": 1, "num_statements": 1, "percent_covered": 100.0, "percent_covered_display": "100", "missing_lines": 0, "excluded_lines": 0}, "missing_lines": [], "excluded_lines": []}, "NoOpCache.delete": {"executed_lines": [39], "summary": {"covered_lines": 1, "num_statements": 1, "percent_covered": 100.0, "percent_covered_display": "100", "missing_lines": 0, "excluded_lines": 0}, "missing_lines": [], "excluded_lines": []}, "NoOpCache.clear": {"executed_lines": [43], "summary": {"covered_lines": 1, "num_statements": 1, "percent_covered": 100.0, "percent_covered_display": "100", "missing_lines": 0, "excluded_lines": 0}, "missing_lines": [], "excluded_lines": []}, "NoOpCache.stats": {"executed_lines": [52], "summary": {"covered_lines": 1, "num_statements": 1, "percent_covered": 100.0, "percent_covered_display": "100", "missing_lines": 0, "excluded_lines": 0}, "missing_lines": [], "excluded_lines": []}, "": {"executed_lines": [1, 8, 9, 12, 13, 29, 33, 37, 41, 45], "summary": {"covered_lines": 8, "num_statements": 8, "percent_covered": 100.0, "percent_covered_display": "100", "missing_lines": 0, "excluded_lines": 0}, "missing_lines": [], "excluded_lines": []}}, "classes": {"NoOpCache": {"executed_lines": [31, 35, 39, 43, 52], "summary": {"covered_lines": 5, "num_statements": 5, "percent_covered": 100.0, "percent_covered_display": "100", "missing_lines": 0, "excluded_lines": 0}, "missing_lines": [], "excluded_lines": []}, "": {"executed_lines": [1, 8, 9, 12, 13, 29, 33, 37, 41, 45], "summary": {"covered_lines": 8, "num_statements": 8, "percent_covered": 100.0, "percent_covered_display": "100", "missing_lines": 0, "excluded_lines": 0}, "missing_lines": [], "excluded_lines": []}}}, "deepbridge/core/experiment/report/chart_mapper.py": {"executed_lines": [], "summary": {"covered_lines": 0, "num_statements": 15, "percent_covered": 0.0, "percent_covered_display": "0", "missing_lines": 15, "excluded_lines
[...]
s": 2, "excluded_lines": 0}, "missing_lines": [210, 267], "excluded_lines": []}, "SeabornChartGenerator.worst_performance_chart._generate_chart": {"executed_lines": [], "summary": {"covered_lines": 0, "num_statements": 23, "percent_covered": 0.0, "percent_covered_display": "0", "missing_lines": 23, "excluded_lines": 0}, "missing_lines": [212, 218, 219, 220, 222, 225, 226, 230, 235, 240, 244, 245, 246, 249, 252, 253, 254, 255, 257, 258, 259, 262, 265], "excluded_lines": []}, "SeabornChartGenerator.model_comparison_chart": {"executed_lines": [], "summary": {"covered_lines": 0, "num_statements": 2, "percent_covered": 0.0, "percent_covered_display": "0", "missing_lines": 2, "excluded_lines": 0}, "missing_lines": [292, 345], "excluded_lines": []}, "SeabornChartGenerator.model_comparison_chart._generate_chart": {"executed_lines": [], "summary": {"covered_lines": 0, "num_statements": 23, "percent_covered": 0.0, "percent_covered_display": "0", "missing_lines": 23, "excluded_lines": 0}, "missing_lines": [294, 296, 297, 300, 301, 304, 309, 312, 313, 314, 315, 317, 320, 325, 326, 327, 328, 332, 333, 334, 337, 340, 343], "excluded_lines": []}, "SeabornChartGenerator.feature_importance_chart": {"executed_lines": [], "summary": {"covered_lines": 0, "num_statements": 15, "percent_covered": 0.0, "percent_covered_display": "0", "missing_lines": 15, "excluded_lines": 0}, "missing_lines": [369, 370, 371, 374, 375, 376, 377, 378, 379, 380, 382, 383, 384, 386, 419], "excluded_lines": []}, "SeabornChartGenerator.feature_importance_chart._generate_chart": {"executed_lines": [], "summary": {"covered_lines": 0, "num_statements": 13, "percent_covered": 0.0, "percent_covered_display": "0", "missing_lines": 13, "excluded_lines": 0}, "missing_lines": [388, 394, 397, 398, 399, 402, 406, 407, 408, 411, 412, 416, 417], "excluded_lines": []}, "SeabornChartGenerator.feature_comparison_chart": {"executed_lines": [], "summary": {"covered_lines": 0, "num_statements": 25, "percent_covered": 0.0, "percent_covered_display": "0", "missing_lines": 25, "excluded_lines": 0}, "missing_lines": [445, 446, 447, 450, 451, 453, 454, 455, 456, 457, 458, 460, 461, 462, 463, 464, 465, 468, 469, 470, 472, 473, 474, 476, 532], "excluded_lines": []}, "SeabornChartGenerator.feature_comparison_chart._generate_chart": {"executed_lines": [], "summary": {"covered_lines": 0, "num_statements": 23, "percent_covered": 0.0, "percent_covered_display": "0", "missing_lines": 23, "excluded_lines": 0}, "missing_lines": [478, 481, 482, 485, 486, 487, 488, 489, 497, 500, 503, 504, 505, 508, 513, 517, 518, 519, 522, 523, 524, 527, 530], "excluded_lines": []}, "SeabornChartGenerator.individual_feature_impact_chart": {"executed_lines": [], "summary": {"covered_lines": 0, "num_statements": 10, "percent_covered": 0.0, "percent_covered_display": "0", "missing_lines": 10, "excluded_lines": 0}, "missing_lines": [554, 555, 556, 559, 563, 564, 565, 567, 617, 619], "excluded_lines": []}, "SeabornChartGenerator.individual_feature_impact_chart._generate_chart": {"executed_lines": [], "summary": {"covered_lines": 0, "num_statements": 22, "percent_covered": 0.0, "percent_covered_display": "0", "missing_lines": 22, "excluded_lines": 0}, "missing_lines": [568, 569, 572, 575, 578, 579, 580, 581, 584, 587, 589, 590, 591, 593, 594, 596, 601, 602, 606, 607, 611, 614], "excluded_lines": []}, "SeabornChartGenerator.method_comparison_chart": {"executed_lines": [], "summary": {"covered_lines": 0, "num_statements": 8, "percent_covered": 0.0, "percent_covered_display": "0", "missing_lines": 8, "excluded_lines": 0}, "missing_lines": [651, 652, 653, 655, 656, 657, 659, 715], "excluded_lines": []}, "SeabornChartGenerator.method_comparison_chart._generate_chart": {"executed_lines": [], "summary": {"covered_lines": 0, "num_statements": 21, "percent_covered": 0.0, "percent_covered_display": "0", "missing_lines": 21, "excluded_lines": 0}, "missing_lines": [663, 667, 669, 673, 674, 677, 678, 682, 686, 687, 688, 691, 694, 697, 698, 701, 702, 703, 704, 710, 713], "excluded_lines": []}, "SeabornChartGenerator.selected_features_comparison_chart": {"executed_lines": [], "summary": {"covered_lines": 0, "num_statements": 8, "percent_covered": 0.0, "percent_covered_display": "0", "missing_lines": 8, "excluded_lines": 0}, "missing_lines": [753, 754, 755, 757, 758, 759, 761, 840], "excluded_lines": []}, "SeabornChartGenerator.selected_features_comparison_chart._generate_chart": {"executed_lines": [], "summary": {"covered_lines": 0, "num_statements": 34, "percent_covered": 0.0, "percent_covered_display": "0", "missing_lines": 34, "excluded_lines": 0}, "missing_lines": [765, 769, 771, 775, 776, 779, 780, 784, 788, 789, 790, 793, 796, 799, 800, 803, 804, 807, 808, 809, 811, 812, 813, 815, 816, 818, 821, 822, 823, 824, 826, 829, 835, 838], "excluded_lines": []}, "SeabornChartGenerator.detailed_boxplot_chart": {"executed_lines": [], "summary": {"covered_lines": 0, "num_statements": 21, "percent_covered": 0.0, "percent_covered_display": "0", "missing_lines": 21, "excluded_lines": 0}, "missing_lines": [872, 873, 874, 877, 880, 881, 882, 884, 885, 886, 887, 889, 890, 891, 894, 895, 907, 908, 909, 911, 1014], "excluded_lines": []}, "SeabornChartGenerator.detailed_boxplot_chart._generate_chart": {"executed_lines": [], "summary": {"covered_lines": 0, "num_statements": 39, "percent_covered": 0.0, "percent_covered_display": "0", "missing_lines": 39, "excluded_lines": 0}, "missing_lines": [915, 918, 921, 931, 932, 933, 936, 940, 941, 942, 946, 947, 950, 951, 952, 955, 956, 957, 958, 960, 961, 963, 966, 980, 981, 982, 985, 988, 991, 994, 995, 996, 998, 999, 1000, 1001, 1002, 1004, 1012], "excluded_lines": []}, "SeabornChartGenerator.boxplot_chart": {"executed_lines": [], "summary": {"covered_lines": 0, "num_statements": 3, "percent_covered": 0.0, "percent_covered_display": "0", "missing_lines": 3, "excluded_lines": 0}, "missing_lines": [1036, 1158, 1159], "excluded_lines": []}, "SeabornChartGenerator.boxplot_chart._generate_chart": {"executed_lines": [], "summary": {"covered_lines": 0, "num_statements": 48, "percent_covered": 0.0, "percent_covered_display": "0", "missing_lines": 48, "excluded_lines": 0}, "missing_lines": [1038, 1039, 1041, 1042, 1043, 1045, 1046, 1048, 1051, 1055, 1058, 1059, 1060, 1061, 1063, 1066, 1069, 1081, 1093, 1106, 1107, 1108, 1109, 1113, 1114, 1115, 1118, 1119, 1120, 1121, 1124, 1125, 1126, 1129, 1132, 1134, 1135, 1136, 1138, 1139, 1140, 1141, 1144, 1145, 1148, 1153, 1154, 1155], "excluded_lines": []}, "SeabornChartGenerator.uncertainty_violin_chart": {"executed_lines": [], "summary": {"covered_lines": 0, "num_statements": 4, "percent_covered": 0.0, "percent_covered_display": "0", "missing_lines": 4, "excluded_lines": 0}, "missing_lines": [1165, 1182, 1370, 1371], "excluded_lines": []}, "SeabornChartGenerator.uncertainty_violin_chart._generate_chart": {"executed_lines": [], "summary": {"covered_lines": 0, "num_statements": 77, "percent_covered": 0.0, "percent_covered_display": "0", "missing_lines": 77, "excluded_lines": 0}, "missing_lines": [1184, 1185, 1186, 1189, 1190, 1193, 1195, 1196, 1197, 1200, 1202, 1203, 1204, 1206, 1209, 1213, 1216, 1217, 1218, 1219, 1221, 1225, 1228, 1229, 1230, 1232, 1233, 1236, 1239, 1240, 1241, 1244, 1245, 1247, 1248, 1251, 1264, 1277, 1291, 1292, 1293, 1296, 1297, 1299, 1301, 1303, 1304, 1305, 1310, 1311, 1312, 1315, 1316, 1317, 1318, 1321, 1322, 1323, 1326, 1329, 1331, 1332, 1333, 1336, 1337, 1339, 1341, 1344, 1345, 1348, 1349, 1350, 1353, 1360, 1365, 1366, 1367], "excluded_lines": []}, "SeabornChartGenerator.bar_chart": {"executed_lines": [], "summary": {"covered_lines": 0, "num_statements": 2, "percent_covered": 0.0, "percent_covered_display": "0", "missing_lines": 2, "excluded_lines": 0}, "missing_lines": [1390, 1422], "excluded_lines": []}, "SeabornChartGenerator.bar_chart._generate_chart": {"executed_lines": [], "summary": {"covered_lines": 0, "num_statements": 17, "percent_covered": 0.0, "percent_covered_display": "0", "missing_lines": 17, "excluded_lines": 0}, "missing_lines": [1392, 1393, 1395, 1396, 1397, 1398, 1400, 1403, 1406, 1407, 1410, 1411, 1412, 1415, 1416, 1417, 1420], "excluded_lines": []}, "SeabornChartGenerator.feature_psi_chart": {"executed_lines": [], "summary": {"covered_lines": 0, "num_statements": 2, "percent_covered": 0.0, "percent_covered_display": "0", "missing_lines": 2, "excluded_lines": 0}, "missing_lines": [1441, 1475], "excluded_lines": []}, "SeabornChartGenerator.feature_psi_chart._generate_chart": {"executed_lines": [], "summary": {"covered_lines": 0, "num_statements": 17, "percent_covered": 0.0, "percent_covered_display": "0", "missing_lines": 17, "excluded_lines": 0}, "missing_lines": [1443, 1444, 1446, 1447, 1448, 1449, 1451, 1454, 1457, 1460, 1461, 1464, 1465, 1466, 1469, 1470, 1473], "excluded_lines": []}, "SeabornChartGenerator.distribution_grid_chart": {"executed_lines": [], "summary": {"covered_lines": 0, "num_statements": 68, "percent_covered": 0.0, "percent_covered_display": "0", "missing_lines": 68, "excluded_lines": 0}, "missing_lines": [1504, 1505, 1506, 1509, 1510, 1511, 1512, 1514, 1515, 1516, 1518, 1519, 1520, 1523, 1524, 1527, 1532, 1533, 1534, 1535, 1536, 1537, 1540, 1543, 1544, 1546, 1547, 1549, 1550, 1553, 1558, 1559, 1560, 1563, 1565, 1566, 1569, 1570, 1571, 1572, 1574, 1575, 1583, 1584, 1585, 1588, 1589, 1593, 1597, 1598, 1601, 1602, 1604, 1605, 1609, 1612, 1613, 1615, 1619, 1620, 1623, 1624, 1626, 1627, 1628, 1629, 1630, 1632], "excluded_lines": []}, "SeabornChartGenerator.coverage_analysis_chart": {"executed_lines": [], "summary": {"covered_lines": 0, "num_statements": 2, "percent_covered": 0.0, "percent_covered_display": "0", "missing_lines": 2, "excluded_lines": 0}, "missing_lines": [1653, 1696], "excluded_lines": []}, "SeabornChartGenerator.coverage_analysis_chart._generate_chart": {"executed_lines": [], "summary": {"covered_lines": 0, "num_statements": 19, "percent_covered": 0.0, "percent_covered_display": "0", "missing_lines": 19, "excluded_lines": 0}, "missing_lines": [1654, 1655, 1656, 1657, 1660, 1663, 1669, 1673, 1676, 1677, 1678, 1681, 1684, 1685, 1686, 1687, 1688, 1691, 1694], "excluded_lines": []}, "SeabornChartGenerator.model_metrics_heatmap": {"executed_lines": [], "summary": {"covered_lines": 0, "num_statements": 2, "percent_covered": 0.0, "percent_covered_display": "0", "missing_lines": 2, "excluded_lines": 0}, "missing_lines": [1714, 1778], "excluded_lines": []}, "SeabornChartGenerator.model_metrics_heatmap._generate_chart": {"executed_lines": [], "summary": {"covered_lines": 0, "num_statements": 31, "percent_covered": 0.0, "percent_covered_display": "0", "missing_lines": 31, "excluded_lines": 0}, "missing_lines": [1716, 1717, 1718, 1719, 1721, 1722, 1724, 1725, 1726, 1727, 1730, 1731, 1733, 1734, 1735, 1738, 1741, 1742, 1744, 1746, 1747, 1749, 1752, 1753, 1755, 1758, 1769, 1770, 1772, 1773, 1776], "excluded_lines": []}, "SeabornChartGenerator.metrics_radar_chart": {"executed_lines": [], "summary": {"covered_lines": 0, "num_statements": 2, "percent_covered": 0.0, "percent_covered_display": "0", "missing_lines": 2, "excluded_lines": 0}, "missing_lines": [1797, 1866], "excluded_lines": []}, "SeabornChartGenerator.metrics_radar_chart._generate_chart": {"executed_lines": [], "summary": {"covered_lines": 0, "num_statements": 35, "percent_covered": 0.0, "percent_covered_display": "0", "missing_lines": 35, "excluded_lines": 0}, "missing_lines": [1798, 1800, 1801, 1802, 1803, 1806, 1807, 1808, 1809, 1812, 1815, 1818, 1819, 1822, 1825, 1826, 1829, 1830, 1833, 1834, 1835, 1836, 1839, 1842, 1843, 1844, 1847, 1850, 1853, 1856, 1857, 1860, 1862, 1863, 1864], "excluded_lines": []}, "SeabornChartGenerator.heatmap_chart": {"executed_lines": [], "summary": {"covered_lines": 0, "num_statements": 5, "percent_covered": 0.0, "percent_covered_display": "0", "missing_lines": 5, "excluded_lines": 0}, "missing_lines": [1892, 1917, 1918, 1919, 1921], "excluded_lines": []}, "SeabornChartGenerator.heatmap_chart._generate_chart": {"executed_lines": [], "summary": {"covered_lines": 0, "num_statements": 5, "percent_covered": 0.0, "percent_covered_display": "0", "missing_lines": 5, "excluded_lines": 0}, "missing_lines": [1894, 1897, 1910, 1913, 1914], "excluded_lines": []}, "": {"executed_lines": [1, 5, 6, 7, 8, 9, 12, 14, 15, 19, 54, 101, 185, 270, 348, 422, 535, 622, 719, 844, 1018, 1162, 1374, 1424, 1477, 1634, 1698, 1780, 1868], "summary": {"covered_lines": 27, "num_statements": 27, "percent_covered": 100.0, "percent_covered_display": "100", "missing_lines": 0, "excluded_lines": 0}, "missing_lines": [], "excluded_lines": []}}, "classes": {"SeabornChartGenerator": {"executed_lines": [24, 25, 26, 27, 28, 29, 30, 31, 32, 33, 36, 38, 40], "summary": {"covered_lines": 13, "num_statements": 686, "percent_covered": 1.8950437317784257, "percent_covered_display": "2", "missing_lines": 673, "excluded_lines": 0}, "missing_lines": [50, 51, 52, 69, 70, 71, 73, 75, 76, 77, 80, 83, 87, 88, 91, 94, 96, 97, 98, 99, 126, 128, 134, 135, 136, 138, 141, 142, 146, 150, 155, 159, 160, 161, 164, 167, 168, 169, 170, 172, 173, 174, 177, 180, 182, 210, 212, 218, 219, 220, 222, 225, 226, 230, 235, 240, 244, 245, 246, 249, 252, 253, 254, 255, 257, 258, 259, 262, 265, 267, 292, 294, 296, 297, 300, 301, 304, 309, 312, 313, 314, 315, 317, 320, 325, 326, 327, 328, 332, 333, 334, 337, 340, 343, 345, 369, 370, 371, 374, 375, 376, 377, 378, 379, 380, 382, 383, 384, 386, 388, 394, 397, 398, 399, 402, 406, 407, 408, 411, 412, 416, 417, 419, 445, 446, 447, 450, 451, 453, 454, 455, 456, 457, 458, 460, 461, 462, 463, 464, 465, 468, 469, 470, 472, 473, 474, 476, 478, 481, 482, 485, 486, 487, 488, 489, 497, 500, 503, 504, 505, 508, 513, 517, 518, 519, 522, 523, 524, 527, 530, 532, 554, 555, 556, 559, 563, 564, 565, 567, 568, 569, 572, 575, 578, 579, 580, 581, 584, 587, 589, 590, 591, 593, 594, 596, 601, 602, 606, 607, 611, 614, 617, 619, 651, 652, 653, 655, 656, 657, 659, 663, 667, 669, 673, 674, 677, 678, 682, 686, 687, 688, 691, 694, 697, 698, 701, 702, 703, 704, 710, 713, 715, 753, 754, 755, 757, 758, 759, 761, 765, 769, 771, 775, 776, 779, 780, 784, 788, 789, 790, 793, 796, 799, 800, 803, 804, 807, 808, 809, 811, 812, 813, 815, 816, 818, 821, 822, 823, 824, 826, 829, 835, 838, 840, 872, 873, 874, 877, 880, 881, 882, 884, 885, 886, 887, 889, 890, 891, 894, 895, 907, 908, 909, 911, 915, 918, 921, 931, 932, 933, 936, 940, 941, 942, 946, 947, 950, 951, 952, 955, 956, 957, 958, 960, 961, 963, 966, 980, 981, 982, 985, 988, 991, 994, 995, 996, 998, 999, 1000, 1001, 1002, 1004, 1012, 1014, 1036, 1038, 1039, 1041, 1042, 1043, 1045, 1046, 1048, 1051, 1055, 1058, 1059, 1060, 1061, 1063, 1066, 1069, 1081, 1093, 1106, 1107, 1108, 1109, 1113, 1114, 1115, 1118, 1119, 1120, 1121, 1124, 1125, 1126, 1129, 1132, 1134, 1135, 1136, 1138, 1139, 1140, 1141, 1144, 1145, 1148, 1153, 1154, 1155, 1158, 1159, 1165, 1182, 1184, 1185, 1186, 1189, 1190, 1193, 1195, 1196, 1197, 1200, 1202, 1203, 1204, 1206, 1209, 1213, 1216, 1217, 1218, 1219, 1221, 1225, 1228, 1229, 1230, 1232, 1233, 1236, 1239, 1240, 1241, 1244, 1245, 1247, 1248, 1251, 1264, 1277, 1291, 1292, 1293, 1296, 1297, 1299, 1301, 1303, 1304, 1305, 1310, 1311, 1312, 1315, 1316, 1317, 1318, 1321, 1322, 1323, 1326, 1329, 1331, 1332, 1333, 1336, 1337, 1339, 1341, 1344, 1345, 1348, 1349, 1350, 1353, 1360, 1365, 1366, 1367, 1370, 1371, 1390, 1392, 1393, 1395, 1396, 1397, 1398, 1400, 1403, 1406, 1407, 1410, 1411, 1412, 1415, 1416, 1417, 1420, 1422, 1441, 1443, 1444, 1446, 1447, 1448, 1449, 1451, 1454, 1457, 1460, 1461, 1464, 1465, 1466, 1469, 1470, 1473, 1475, 1504, 1505, 1506, 1509, 1510, 1511, 1512, 1514, 1515, 1516, 1518, 1519, 1520, 1523, 1524, 1527, 1532, 1533, 1534, 1535, 1536, 1537, 1540, 1543, 1544, 1546, 1547, 1549, 1550, 1553, 1558, 1559, 1560, 1563, 1565, 1566, 1569, 1570, 1571, 1572, 1574, 1575, 1583, 1584, 1585, 1588, 1589, 1593, 1597, 1598, 1601, 1602, 1604, 1605, 1609, 1612, 1613, 1615, 1619, 1620, 1623, 1624, 1626, 1627, 1628, 1629, 1630, 1632, 1653, 1654, 1655, 1656, 1657, 1660, 1663, 1669, 1673, 1676, 1677, 1678, 1681, 1684, 1685, 1686, 1687, 1688, 1691, 1694, 1696, 1714, 1716, 1717, 1718, 1719, 1721, 1722, 1724, 1725, 1726, 1727, 1730, 1731, 1733, 1734, 1735, 1738, 1741, 1742, 1744, 1746, 1747, 1749, 1752, 1753, 1755, 1758, 1769, 1770, 1772, 1773, 1776, 1778, 1797, 1798, 1800, 1801, 1802, 1803, 1806, 1807, 1808, 1809, 1812, 1815, 1818, 1819, 1822, 1825, 1826, 1829, 1830, 1833, 1834, 1835, 1836, 1839, 1842, 1843, 1844, 1847, 1850, 1853, 1856, 1857, 1860, 1862, 1863, 1864, 1866, 1892, 1894, 1897, 1910, 1913, 1914, 1917, 1918, 1919, 1921], "excluded_lines": []}, "": {"executed_lines": [1, 5, 6, 7, 8, 9, 12, 14, 15, 19, 54, 101, 185, 270, 348, 422, 535, 622, 719, 844, 1018, 1162, 1374, 1424, 1477, 1634, 1698, 1780, 1868], "summary": {"covered_lines": 27, "num_statements": 27, "percent_covered": 100.0, "percent_covered_display": "100", "missing_lines": 0, "excluded_lines": 0}, "missing_lines": [], "excluded_lines": []}}}, "deepbridge/core/experiment/report/utils/validators.py": {"executed_lines": [1, 5, 6, 9, 11, 12, 16, 17, 73, 74, 114, 115, 155, 156], "summary": {"covered_lines": 12, "num_statements": 55, "percent_covered": 21.818181818181817, "percent_covered_display": "22", "missing_lines": 43, "excluded_lines": 0}, "missing_lines": [31, 34, 49, 50, 51, 52, 55, 56, 58, 59, 62, 63, 66, 67, 69, 71, 88, 91, 103, 104, 105, 106, 109, 110, 112, 129, 132, 144, 145, 146, 147, 150, 151, 153, 170, 173, 185, 186, 187, 188, 191, 192, 194], "excluded_lines": [], "functions": {"DataValidator.validate_robustness_data": {"executed_lines": [], "summary": {"covered_lines": 0, "num_statements": 16, "percent_covered": 0.0, "percent_covered_display": "0", "missing_lines": 16, "excluded_lines": 0}, "missing_lines": [31, 34, 49, 50, 51, 52, 55, 56, 58, 59, 62, 63, 66, 67, 69, 71], "excluded_lines": []}, "DataValidator.validate_uncertainty_data": {"executed_lines": [], "summary": {"covered_lines": 0, "num_statements": 9, "percent_covered": 0.0, "percent_covered_display": "0", "missing_lines": 9, "excluded_lines": 0}, "missing_lines": [88, 91, 103, 104, 105, 106, 109, 110, 112], "excluded_lines": []}, "DataValidator.validate_resilience_data": {"executed_lines": [], "summary": {"covered_lines": 0, "num_statements": 9, "percent_covered": 0.0, "percent_covered_display": "0", "missing_lines": 9, "excluded_lines": 0}, "missing_lines": [129, 132, 144, 145, 146, 147, 150, 151, 153], "excluded_lines": []}, "DataValidator.validate_hyperparameter_data": {"executed_lines": [], "summary": {"covered_lines": 0, "num_statements": 9, "percent_covered": 0.0, "percent_covered_display": "0", "missing_lines": 9, "excluded_lines": 0}, "missing_lines": [170, 173, 185, 186, 187, 188, 191, 192, 194], "excluded_lines": []}, "": {"executed_lines": [1, 5, 6, 9, 11, 12, 16, 17, 73, 74, 114, 115, 155, 156], "summary": {"covered_lines": 12, "num_statements": 12, "percent_covered": 100.0, "percent_covered_display": "100", "missing_lines": 0, "excluded_lines": 0}, "missing_lines": [], "excluded_lines": []}}, "classes": {"DataValidator": {"executed_lines": [], "summary": {"covered_lines": 0, "num_statements": 43, "percent_covered": 0.0, "percent_covered_display": "0", "missing_lines": 43, "excluded_lines": 0}, "missing_lines": [31, 34, 49, 50, 51, 52, 55, 56, 58, 59, 62, 63, 66, 67, 69, 71, 88, 91, 103, 104, 105, 106, 109, 110, 112, 129, 132, 144, 145, 146, 147, 150, 151, 153, 170, 173, 185, 186, 187, 188, 191, 192, 194], "excluded_lines": []}, "": {"executed_lines": [1, 5, 6, 9, 11, 12, 16, 17, 73, 74, 114, 115, 155, 156], "summary": {"covered_lines": 12, "num_statements": 12, "percent_covered": 100.0, "percent_covered_display": "100", "missing_lines": 0, "excluded_lines": 0}, "missing_lines": [], "excluded_lines": []}}}}, "totals": {"covered_lines": 2924, "num_statements": 12483, "percent_covered": 23.42385644476488, "percent_covered_display": "23", "missing_lines": 9559, "excluded_lines": 0}}